#
# There is insufficient memory for the Java Runtime Environment to continue.
# Native memory allocation (mmap) failed to map 146800640 bytes for committing reserved memory.
# Possible reasons:
#   The system is out of physical RAM or swap space
#   In 32 bit mode, the process size limit was hit
# Possible solutions:
#   Reduce memory load on the system
#   Increase physical memory or swap space
#   Check if swap backing store is full
#   Use 64 bit Java on a 64 bit OS
#   Decrease Java heap size (-Xmx/-Xms)
#   Decrease number of Java threads
#   Decrease Java thread stack sizes (-Xss)
#   Set larger code cache with -XX:ReservedCodeCacheSize=
# This output file may be truncated or incomplete.
#
#  Out of Memory Error (os_linux.cpp:2627), pid=5987, tid=140310281701120
#
# JRE version: Java(TM) SE Runtime Environment (8.0_91-b14) (build 1.8.0_91-b14)
# Java VM: Java HotSpot(TM) 64-Bit Server VM (25.91-b14 mixed mode linux-amd64 compressed oops)
# Failed to write core dump. Core dumps have been disabled. To enable core dumping, try "ulimit -c unlimited" before starting Java again
#

---------------  T H R E A D  ---------------

Current thread (0x00007f9c9c078000):  VMThread [stack: 0x00007f9c886fc000,0x00007f9c887fd000] [id=6016]

Stack: [0x00007f9c886fc000,0x00007f9c887fd000],  sp=0x00007f9c887fafa0,  free space=1019k
Native frames: (J=compiled Java code, j=interpreted, Vv=VM code, C=native code)
V  [libjvm.so+0xabc18a]  VMError::report_and_die()+0x2ba
V  [libjvm.so+0x4fafeb]  report_vm_out_of_memory(char const*, int, unsigned long, VMErrorType, char const*)+0x8b
V  [libjvm.so+0x91cbb3]  os::Linux::commit_memory_impl(char*, unsigned long, bool)+0x103
V  [libjvm.so+0x91d109]  os::pd_commit_memory(char*, unsigned long, unsigned long, bool)+0x29
V  [libjvm.so+0x91740a]  os::commit_memory(char*, unsigned long, unsigned long, bool)+0x2a
V  [libjvm.so+0x98b033]  PSVirtualSpace::expand_by(unsigned long)+0x53
V  [libjvm.so+0x98c438]  PSYoungGen::resize_generation(unsigned long, unsigned long)+0xf8
V  [libjvm.so+0x98b592]  PSYoungGen::resize(unsigned long, unsigned long)+0x22
V  [libjvm.so+0x98886b]  PSScavenge::invoke_no_policy()+0xf3b
V  [libjvm.so+0x988ff1]  PSScavenge::invoke()+0x41
V  [libjvm.so+0x9408b0]  ParallelScavengeHeap::failed_mem_allocate(unsigned long)+0x70
V  [libjvm.so+0xabdba7]  VM_ParallelGCFailedAllocation::doit()+0x97
V  [libjvm.so+0xac55d5]  VM_Operation::evaluate()+0x55
V  [libjvm.so+0xac39aa]  VMThread::evaluate_operation(VM_Operation*)+0xba
V  [libjvm.so+0xac3d2e]  VMThread::loop()+0x1ce
V  [libjvm.so+0xac41a0]  VMThread::run()+0x70
V  [libjvm.so+0x91ef78]  java_start(Thread*)+0x108

VM_Operation (0x00007f9ca2eafe00): ParallelGCFailedAllocation, mode: safepoint, requested by thread 0x00007f9c9c00a000


---------------  P R O C E S S  ---------------

Java Threads: ( => current thread )
  0x00007f9c9c0c1000 JavaThread "Service Thread" daemon [_thread_blocked, id=6047, stack(0x00007f9c6b81d000,0x00007f9c6b91e000)]
  0x00007f9c9c0be000 JavaThread "C1 CompilerThread2" daemon [_thread_blocked, id=6043, stack(0x00007f9c880f6000,0x00007f9c881f7000)]
  0x00007f9c9c0bc000 JavaThread "C2 CompilerThread1" daemon [_thread_blocked, id=6039, stack(0x00007f9c881f7000,0x00007f9c882f8000)]
  0x00007f9c9c0b9000 JavaThread "C2 CompilerThread0" daemon [_thread_blocked, id=6037, stack(0x00007f9c882f8000,0x00007f9c883f9000)]
  0x00007f9c9c0b7800 JavaThread "Signal Dispatcher" daemon [_thread_blocked, id=6036, stack(0x00007f9c883f9000,0x00007f9c884fa000)]
  0x00007f9c9c084800 JavaThread "Finalizer" daemon [_thread_blocked, id=6027, stack(0x00007f9c884fa000,0x00007f9c885fb000)]
  0x00007f9c9c080000 JavaThread "Reference Handler" daemon [_thread_blocked, id=6026, stack(0x00007f9c885fb000,0x00007f9c886fc000)]
  0x00007f9c9c00a000 JavaThread "main" [_thread_blocked, id=5994, stack(0x00007f9ca2db1000,0x00007f9ca2eb2000)]

Other Threads:
=>0x00007f9c9c078000 VMThread [stack: 0x00007f9c886fc000,0x00007f9c887fd000] [id=6016]
  0x00007f9c9c0c4000 WatcherThread [stack: 0x00007f9c6b71c000,0x00007f9c6b81d000] [id=6048]

VM state:at safepoint (normal execution)

VM Mutex/Monitor currently owned by a thread:  ([mutex/lock_event])
[0x00007f9c9c006510] Threads_lock - owner thread: 0x00007f9c9c078000
[0x00007f9c9c006a10] Heap_lock - owner thread: 0x00007f9c9c00a000

Heap:
 PSYoungGen      total 140288K, used 14325K [0x00000000eab00000, 0x00000000f4300000, 0x0000000100000000)
  eden space 125952K, 0% used [0x00000000eab00000,0x00000000eab00000,0x00000000f2600000)
  from space 14336K, 99% used [0x00000000f2600000,0x00000000f33fd5f8,0x00000000f3400000)
  to   space 13312K, 0% used [0x00000000f3400000,0x00000000f3400000,0x00000000f4100000)
 ParOldGen       total 42496K, used 35557K [0x00000000c0000000, 0x00000000c2980000, 0x00000000eab00000)
  object space 42496K, 83% used [0x00000000c0000000,0x00000000c22b9400,0x00000000c2980000)
 Metaspace       used 6593K, capacity 7416K, committed 7680K, reserved 1056768K
  class space    used 633K, capacity 688K, committed 768K, reserved 1048576K

Card table byte_map: [0x00007f9c8c824000,0x00007f9c8ca25000] byte_map_base: 0x00007f9c8c224000

Marking Bits: (ParMarkBitMap*) 0x00007f9ca2283d60
 Begin Bits: [0x00007f9c8a3cb000, 0x00007f9c8b3cb000)
 End Bits:   [0x00007f9c8b3cb000, 0x00007f9c8c3cb000)

Polling page: 0x00007f9ca2ed2000

CodeCache: size=245760Kb used=7340Kb max_used=7340Kb free=238419Kb
 bounds [0x00007f9c8cde5000, 0x00007f9c8d515000, 0x00007f9c9bde5000]
 total_blobs=2250 nmethods=1982 adapters=182
 compilation: enabled

Compilation events (10 events):
Event: 9.659 Thread 0x00007f9c9c0be000 2354       2       com.android.dx.dex.file.OffsettedItem::setWriteSize (37 bytes)
Event: 9.659 Thread 0x00007f9c9c0be000 nmethod 2354 0x00007f9c8d510fd0 code [0x00007f9c8d511160, 0x00007f9c8d511418]
Event: 9.659 Thread 0x00007f9c9c0be000 2353       2       java.util.ArrayList::toArray (60 bytes)
Event: 9.659 Thread 0x00007f9c9c0be000 nmethod 2353 0x00007f9c8d511590 code [0x00007f9c8d511720, 0x00007f9c8d511a78]
Event: 9.678 Thread 0x00007f9c9c0be000 2356       2       com.android.dx.dex.code.form.Form10x::isCompatible (23 bytes)
Event: 9.678 Thread 0x00007f9c9c0be000 nmethod 2356 0x00007f9c8d511b90 code [0x00007f9c8d511d00, 0x00007f9c8d511ed0]
Event: 9.683 Thread 0x00007f9c9c0be000 2357       2       com.android.dx.dex.code.LocalList$MakeState::checkForEmptyRange (198 bytes)
Event: 9.685 Thread 0x00007f9c9c0be000 nmethod 2357 0x00007f9c8d511fd0 code [0x00007f9c8d512240, 0x00007f9c8d512d08]
Event: 9.690 Thread 0x00007f9c9c0be000 2358       2       com.android.dx.dex.code.LocalList$MakeState::endLocal (51 bytes)
Event: 9.691 Thread 0x00007f9c9c0be000 nmethod 2358 0x00007f9c8d513c50 code [0x00007f9c8d513e00, 0x00007f9c8d514148]

GC Heap History (10 events):
Event: 2.884 GC heap after
Heap after GC invocations=2 (full 0):
 PSYoungGen      total 34304K, used 2536K [0x00000000eab00000, 0x00000000ecf00000, 0x0000000100000000)
  eden space 31744K, 0% used [0x00000000eab00000,0x00000000eab00000,0x00000000eca00000)
  from space 2560K, 99% used [0x00000000ecc80000,0x00000000ecefa2e8,0x00000000ecf00000)
  to   space 2560K, 0% used [0x00000000eca00000,0x00000000eca00000,0x00000000ecc80000)
 ParOldGen       total 42496K, used 2850K [0x00000000c0000000, 0x00000000c2980000, 0x00000000eab00000)
  object space 42496K, 6% used [0x00000000c0000000,0x00000000c02c8b40,0x00000000c2980000)
 Metaspace       used 5775K, capacity 6768K, committed 7040K, reserved 1056768K
  class space    used 593K, capacity 616K, committed 640K, reserved 1048576K
}
Event: 3.756 GC heap before
{Heap before GC invocations=3 (full 0):
 PSYoungGen      total 34304K, used 34280K [0x00000000eab00000, 0x00000000ecf00000, 0x0000000100000000)
  eden space 31744K, 100% used [0x00000000eab00000,0x00000000eca00000,0x00000000eca00000)
  from space 2560K, 99% used [0x00000000ecc80000,0x00000000ecefa2e8,0x00000000ecf00000)
  to   space 2560K, 0% used [0x00000000eca00000,0x00000000eca00000,0x00000000ecc80000)
 ParOldGen       total 42496K, used 2850K [0x00000000c0000000, 0x00000000c2980000, 0x00000000eab00000)
  object space 42496K, 6% used [0x00000000c0000000,0x00000000c02c8b40,0x00000000c2980000)
 Metaspace       used 5835K, capacity 6832K, committed 7040K, reserved 1056768K
  class space    used 594K, capacity 616K, committed 640K, reserved 1048576K
Event: 3.800 GC heap after
Heap after GC invocations=3 (full 0):
 PSYoungGen      total 34304K, used 2550K [0x00000000eab00000, 0x00000000eee00000, 0x0000000100000000)
  eden space 31744K, 0% used [0x00000000eab00000,0x00000000eab00000,0x00000000eca00000)
  from space 2560K, 99% used [0x00000000eca00000,0x00000000ecc7da38,0x00000000ecc80000)
  to   space 2560K, 0% used [0x00000000eeb80000,0x00000000eeb80000,0x00000000eee00000)
 ParOldGen       total 42496K, used 7976K [0x00000000c0000000, 0x00000000c2980000, 0x00000000eab00000)
  object space 42496K, 18% used [0x00000000c0000000,0x00000000c07ca178,0x00000000c2980000)
 Metaspace       used 5835K, capacity 6832K, committed 7040K, reserved 1056768K
  class space    used 594K, capacity 616K, committed 640K, reserved 1048576K
}
Event: 4.399 GC heap before
{Heap before GC invocations=4 (full 0):
 PSYoungGen      total 34304K, used 34294K [0x00000000eab00000, 0x00000000eee00000, 0x0000000100000000)
  eden space 31744K, 100% used [0x00000000eab00000,0x00000000eca00000,0x00000000eca00000)
  from space 2560K, 99% used [0x00000000eca00000,0x00000000ecc7da38,0x00000000ecc80000)
  to   space 2560K, 0% used [0x00000000eeb80000,0x00000000eeb80000,0x00000000eee00000)
 ParOldGen       total 42496K, used 7976K [0x00000000c0000000, 0x00000000c2980000, 0x00000000eab00000)
  object space 42496K, 18% used [0x00000000c0000000,0x00000000c07ca178,0x00000000c2980000)
 Metaspace       used 5865K, capacity 6832K, committed 7040K, reserved 1056768K
  class space    used 594K, capacity 616K, committed 640K, reserved 1048576K
Event: 4.465 GC heap after
Heap after GC invocations=4 (full 0):
 PSYoungGen      total 66048K, used 2552K [0x00000000eab00000, 0x00000000eee00000, 0x0000000100000000)
  eden space 63488K, 0% used [0x00000000eab00000,0x00000000eab00000,0x00000000ee900000)
  from space 2560K, 99% used [0x00000000eeb80000,0x00000000eedfe388,0x00000000eee00000)
  to   space 2560K, 0% used [0x00000000ee900000,0x00000000ee900000,0x00000000eeb80000)
 ParOldGen       total 42496K, used 12924K [0x00000000c0000000, 0x00000000c2980000, 0x00000000eab00000)
  object space 42496K, 30% used [0x00000000c0000000,0x00000000c0c9f1c8,0x00000000c2980000)
 Metaspace       used 5865K, capacity 6832K, committed 7040K, reserved 1056768K
  class space    used 594K, capacity 616K, committed 640K, reserved 1048576K
}
Event: 5.421 GC heap before
{Heap before GC invocations=5 (full 0):
 PSYoungGen      total 66048K, used 66040K [0x00000000eab00000, 0x00000000eee00000, 0x0000000100000000)
  eden space 63488K, 100% used [0x00000000eab00000,0x00000000ee900000,0x00000000ee900000)
  from space 2560K, 99% used [0x00000000eeb80000,0x00000000eedfe388,0x00000000eee00000)
  to   space 2560K, 0% used [0x00000000ee900000,0x00000000ee900000,0x00000000eeb80000)
 ParOldGen       total 42496K, used 12924K [0x00000000c0000000, 0x00000000c2980000, 0x00000000eab00000)
  object space 42496K, 30% used [0x00000000c0000000,0x00000000c0c9f1c8,0x00000000c2980000)
 Metaspace       used 5979K, capacity 6960K, committed 7040K, reserved 1056768K
  class space    used 595K, capacity 616K, committed 640K, reserved 1048576K
Event: 5.527 GC heap after
Heap after GC invocations=5 (full 0):
 PSYoungGen      total 66048K, used 2556K [0x00000000eab00000, 0x00000000f4100000, 0x0000000100000000)
  eden space 63488K, 0% used [0x00000000eab00000,0x00000000eab00000,0x00000000ee900000)
  from space 2560K, 99% used [0x00000000ee900000,0x00000000eeb7f2b8,0x00000000eeb80000)
  to   space 13312K, 0% used [0x00000000f3400000,0x00000000f3400000,0x00000000f4100000)
 ParOldGen       total 42496K, used 22438K [0x00000000c0000000, 0x00000000c2980000, 0x00000000eab00000)
  object space 42496K, 52% used [0x00000000c0000000,0x00000000c15e9888,0x00000000c2980000)
 Metaspace       used 5979K, capacity 6960K, committed 7040K, reserved 1056768K
  class space    used 595K, capacity 616K, committed 640K, reserved 1048576K
}
Event: 6.020 GC heap before
{Heap before GC invocations=6 (full 0):
 PSYoungGen      total 66048K, used 66044K [0x00000000eab00000, 0x00000000f4100000, 0x0000000100000000)
  eden space 63488K, 100% used [0x00000000eab00000,0x00000000ee900000,0x00000000ee900000)
  from space 2560K, 99% used [0x00000000ee900000,0x00000000eeb7f2b8,0x00000000eeb80000)
  to   space 13312K, 0% used [0x00000000f3400000,0x00000000f3400000,0x00000000f4100000)
 ParOldGen       total 42496K, used 22438K [0x00000000c0000000, 0x00000000c2980000, 0x00000000eab00000)
  object space 42496K, 52% used [0x00000000c0000000,0x00000000c15e9888,0x00000000c2980000)
 Metaspace       used 6072K, capacity 7000K, committed 7168K, reserved 1056768K
  class space    used 615K, capacity 656K, committed 768K, reserved 1048576K
Event: 6.112 GC heap after
Heap after GC invocations=6 (full 0):
 PSYoungGen      total 139264K, used 11161K [0x00000000eab00000, 0x00000000f4300000, 0x0000000100000000)
  eden space 125952K, 0% used [0x00000000eab00000,0x00000000eab00000,0x00000000f2600000)
  from space 13312K, 83% used [0x00000000f3400000,0x00000000f3ee65a0,0x00000000f4100000)
  to   space 14336K, 0% used [0x00000000f2600000,0x00000000f2600000,0x00000000f3400000)
 ParOldGen       total 42496K, used 22438K [0x00000000c0000000, 0x00000000c2980000, 0x00000000eab00000)
  object space 42496K, 52% used [0x00000000c0000000,0x00000000c15e9888,0x00000000c2980000)
 Metaspace       used 6072K, capacity 7000K, committed 7168K, reserved 1056768K
  class space    used 615K, capacity 656K, committed 768K, reserved 1048576K
}
Event: 9.698 GC heap before
{Heap before GC invocations=7 (full 0):
 PSYoungGen      total 139264K, used 137113K [0x00000000eab00000, 0x00000000f4300000, 0x0000000100000000)
  eden space 125952K, 100% used [0x00000000eab00000,0x00000000f2600000,0x00000000f2600000)
  from space 13312K, 83% used [0x00000000f3400000,0x00000000f3ee65a0,0x00000000f4100000)
  to   space 14336K, 0% used [0x00000000f2600000,0x00000000f2600000,0x00000000f3400000)
 ParOldGen       total 42496K, used 22438K [0x00000000c0000000, 0x00000000c2980000, 0x00000000eab00000)
  object space 42496K, 52% used [0x00000000c0000000,0x00000000c15e9888,0x00000000c2980000)
 Metaspace       used 6593K, capacity 7416K, committed 7680K, reserved 1056768K
  class space    used 633K, capacity 688K, committed 768K, reserved 1048576K

Deoptimization events (10 events):
Event: 5.681 Thread 0x00007f9c9c182000 Uncommon trap: reason=unstable_if action=reinterpret pc=0x00007f9c8d009934 method=java.util.HashMap.getNode(ILjava/lang/Object;)Ljava/util/HashMap$Node; @ 84
Event: 5.708 Thread 0x00007f9c9c182000 Uncommon trap: reason=unstable_if action=reinterpret pc=0x00007f9c8d28fcf0 method=com.android.dx.ssa.SCCP.simulateStmt(Lcom/android/dx/ssa/SsaInsn;)V @ 59
Event: 6.908 Thread 0x00007f9c9c191000 Uncommon trap: reason=unstable_if action=reinterpret pc=0x00007f9c8d2dbc10 method=java.util.HashMap.putVal(ILjava/lang/Object;Ljava/lang/Object;ZZ)Ljava/lang/Object; @ 109
Event: 7.094 Thread 0x00007f9c9c18f800 Uncommon trap: reason=unstable_if action=reinterpret pc=0x00007f9c8d15bb08 method=com.android.dx.dex.code.OutputFinisher.hasLocalInfo(Lcom/android/dx/dex/code/DalvInsn;)Z @ 24
Event: 8.142 Thread 0x00007f9c9c00a000 Uncommon trap: reason=class_check action=maybe_recompile pc=0x00007f9c8d1c02fc method=java.util.Arrays.hashCode([Ljava/lang/Object;)I @ 43
Event: 8.142 Thread 0x00007f9c9c00a000 Uncommon trap: reason=class_check action=maybe_recompile pc=0x00007f9c8d1c02fc method=java.util.Arrays.hashCode([Ljava/lang/Object;)I @ 43
Event: 8.142 Thread 0x00007f9c9c00a000 Uncommon trap: reason=class_check action=maybe_recompile pc=0x00007f9c8d1c02fc method=java.util.Arrays.hashCode([Ljava/lang/Object;)I @ 43
Event: 8.142 Thread 0x00007f9c9c00a000 Uncommon trap: reason=class_check action=maybe_recompile pc=0x00007f9c8d1c02fc method=java.util.Arrays.hashCode([Ljava/lang/Object;)I @ 43
Event: 8.142 Thread 0x00007f9c9c00a000 Uncommon trap: reason=class_check action=maybe_recompile pc=0x00007f9c8d1a1e74 method=java.util.Arrays.hashCode([Ljava/lang/Object;)I @ 43
Event: 9.008 Thread 0x00007f9c9c00a000 Uncommon trap: reason=unstable_if action=reinterpret pc=0x00007f9c8d0cd25c method=java.util.Arrays.equals([Ljava/lang/Object;[Ljava/lang/Object;)Z @ 23

Internal exceptions (6 events):
Event: 0.488 Thread 0x00007f9c9c00a000 Exception <a 'java/lang/NoSuchMethodError': Method sun.misc.Unsafe.defineClass(Ljava/lang/String;[BII)Ljava/lang/Class; name or signature does not match> (0x00000000eab07cc0) thrown at [/HUDSON/workspace/8-2-build-linux-amd64/jdk8u91/6644/hotspot/src/shar
Event: 0.488 Thread 0x00007f9c9c00a000 Exception <a 'java/lang/NoSuchMethodError': Method sun.misc.Unsafe.prefetchRead(Ljava/lang/Object;J)V name or signature does not match> (0x00000000eab07fa8) thrown at [/HUDSON/workspace/8-2-build-linux-amd64/jdk8u91/6644/hotspot/src/share/vm/prims/jni.cpp
Event: 3.109 Thread 0x00007f9c9c191000 Implicit null exception at 0x00007f9c8d0bfbbd to 0x00007f9c8d0c2c31
Event: 5.667 Thread 0x00007f9c9c182000 Exception <a 'java/lang/ArrayIndexOutOfBoundsException': 18> (0x00000000ebf704d8) thrown at [/HUDSON/workspace/8-2-build-linux-amd64/jdk8u91/6644/hotspot/src/share/vm/interpreter/interpreterRuntime.cpp, line 366]
Event: 5.668 Thread 0x00007f9c9c182000 Exception <a 'java/lang/ArrayIndexOutOfBoundsException': 145> (0x00000000ebf72058) thrown at [/HUDSON/workspace/8-2-build-linux-amd64/jdk8u91/6644/hotspot/src/share/vm/interpreter/interpreterRuntime.cpp, line 366]
Event: 5.668 Thread 0x00007f9c9c182000 Exception <a 'java/lang/ArrayIndexOutOfBoundsException': 40> (0x00000000ec016008) thrown at [/HUDSON/workspace/8-2-build-linux-amd64/jdk8u91/6644/hotspot/src/share/vm/interpreter/interpreterRuntime.cpp, line 366]

Events (10 events):
Event: 9.511 Thread 0x00007f9c9c00a000 DEOPT UNPACKING pc=0x00007f9c8ce2c633 sp=0x00007f9ca2eb0098 mode 0
Event: 9.511 Thread 0x00007f9c9c00a000 DEOPT PACKING pc=0x00007f9c8d4bfcd1 sp=0x00007f9ca2eb02b0
Event: 9.511 Thread 0x00007f9c9c00a000 DEOPT UNPACKING pc=0x00007f9c8ce2c633 sp=0x00007f9ca2eb0098 mode 0
Event: 9.514 Thread 0x00007f9c9c00a000 DEOPT PACKING pc=0x00007f9c8d4bde80 sp=0x00007f9ca2eb02d0
Event: 9.514 Thread 0x00007f9c9c00a000 DEOPT UNPACKING pc=0x00007f9c8ce2c633 sp=0x00007f9ca2eb0050 mode 0
Event: 9.532 Thread 0x00007f9c9c00a000 DEOPT PACKING pc=0x00007f9c8d4bed39 sp=0x00007f9ca2eb02e0
Event: 9.532 Thread 0x00007f9c9c00a000 DEOPT UNPACKING pc=0x00007f9c8ce2c633 sp=0x00007f9ca2eb0088 mode 0
Event: 9.535 Thread 0x00007f9c9c00a000 DEOPT PACKING pc=0x00007f9c8d4e57f4 sp=0x00007f9ca2eb01b0
Event: 9.535 Thread 0x00007f9c9c00a000 DEOPT UNPACKING pc=0x00007f9c8ce2c633 sp=0x00007f9ca2eb0020 mode 0
Event: 9.691 Executing VM operation: ParallelGCFailedAllocation


Dynamic libraries:
00400000-00401000 r-xp 00000000 08:08 3680877                            /usr/lib/jvm/java-8-oracle/bin/java
00600000-00601000 rw-p 00000000 08:08 3680877                            /usr/lib/jvm/java-8-oracle/bin/java
020ce000-020ef000 rw-p 00000000 00:00 0                                  [heap]
c0000000-c2980000 rw-p 00000000 00:00 0 
c2980000-eab00000 ---p 00000000 00:00 0 
eab00000-f4300000 rw-p 00000000 00:00 0 
fcf00000-100000000 ---p 00000000 00:00 0 
100000000-1000c0000 rw-p 00000000 00:00 0 
1000c0000-140000000 ---p 00000000 00:00 0 
7f9c3c000000-7f9c3c021000 rw-p 00000000 00:00 0 
7f9c3c021000-7f9c40000000 ---p 00000000 00:00 0 
7f9c40000000-7f9c40021000 rw-p 00000000 00:00 0 
7f9c40021000-7f9c44000000 ---p 00000000 00:00 0 
7f9c44000000-7f9c44021000 rw-p 00000000 00:00 0 
7f9c44021000-7f9c48000000 ---p 00000000 00:00 0 
7f9c48000000-7f9c48021000 rw-p 00000000 00:00 0 
7f9c48021000-7f9c4c000000 ---p 00000000 00:00 0 
7f9c4c000000-7f9c4c021000 rw-p 00000000 00:00 0 
7f9c4c021000-7f9c50000000 ---p 00000000 00:00 0 
7f9c50000000-7f9c50042000 rw-p 00000000 00:00 0 
7f9c50042000-7f9c54000000 ---p 00000000 00:00 0 
7f9c54000000-7f9c54a53000 rw-p 00000000 00:00 0 
7f9c54a53000-7f9c58000000 ---p 00000000 00:00 0 
7f9c58000000-7f9c58021000 rw-p 00000000 00:00 0 
7f9c58021000-7f9c5c000000 ---p 00000000 00:00 0 
7f9c5c000000-7f9c5cec1000 rw-p 00000000 00:00 0 
7f9c5cec1000-7f9c60000000 ---p 00000000 00:00 0 
7f9c60000000-7f9c60b26000 rw-p 00000000 00:00 0 
7f9c60b26000-7f9c64000000 ---p 00000000 00:00 0 
7f9c64000000-7f9c64021000 rw-p 00000000 00:00 0 
7f9c64021000-7f9c68000000 ---p 00000000 00:00 0 
7f9c6b217000-7f9c6b21a000 ---p 00000000 00:00 0 
7f9c6b21a000-7f9c6b318000 rw-p 00000000 00:00 0 
7f9c6b318000-7f9c6b31b000 ---p 00000000 00:00 0 
7f9c6b31b000-7f9c6b419000 rw-p 00000000 00:00 0 
7f9c6b419000-7f9c6b41c000 ---p 00000000 00:00 0 
7f9c6b41c000-7f9c6b51a000 rw-p 00000000 00:00 0 
7f9c6b51a000-7f9c6b51d000 ---p 00000000 00:00 0 
7f9c6b51d000-7f9c6b61b000 rw-p 00000000 00:00 0 
7f9c6b61b000-7f9c6b61e000 ---p 00000000 00:00 0 
7f9c6b61e000-7f9c6b71c000 rw-p 00000000 00:00 0 
7f9c6b71c000-7f9c6b71d000 ---p 00000000 00:00 0 
7f9c6b71d000-7f9c6b81d000 rw-p 00000000 00:00 0 
7f9c6b81d000-7f9c6b820000 ---p 00000000 00:00 0 
7f9c6b820000-7f9c6b91e000 rw-p 00000000 00:00 0 
7f9c6b91e000-7f9c6c000000 r--p 00000000 08:08 3546846                    /usr/lib/locale/locale-archive
7f9c6c000000-7f9c6c021000 rw-p 00000000 00:00 0 
7f9c6c021000-7f9c70000000 ---p 00000000 00:00 0 
7f9c70000000-7f9c70021000 rw-p 00000000 00:00 0 
7f9c70021000-7f9c74000000 ---p 00000000 00:00 0 
7f9c74000000-7f9c74021000 rw-p 00000000 00:00 0 
7f9c74021000-7f9c78000000 ---p 00000000 00:00 0 
7f9c78000000-7f9c7828c000 rw-p 00000000 00:00 0 
7f9c7828c000-7f9c7c000000 ---p 00000000 00:00 0 
7f9c7c000000-7f9c7c021000 rw-p 00000000 00:00 0 
7f9c7c021000-7f9c80000000 ---p 00000000 00:00 0 
7f9c80000000-7f9c80021000 rw-p 00000000 00:00 0 
7f9c80021000-7f9c84000000 ---p 00000000 00:00 0 
7f9c84000000-7f9c84021000 rw-p 00000000 00:00 0 
7f9c84021000-7f9c88000000 ---p 00000000 00:00 0 
7f9c880f6000-7f9c880f9000 ---p 00000000 00:00 0 
7f9c880f9000-7f9c881f7000 rw-p 00000000 00:00 0 
7f9c881f7000-7f9c881fa000 ---p 00000000 00:00 0 
7f9c881fa000-7f9c882f8000 rw-p 00000000 00:00 0 
7f9c882f8000-7f9c882fb000 ---p 00000000 00:00 0 
7f9c882fb000-7f9c883f9000 rw-p 00000000 00:00 0 
7f9c883f9000-7f9c883fc000 ---p 00000000 00:00 0 
7f9c883fc000-7f9c884fa000 rw-p 00000000 00:00 0 
7f9c884fa000-7f9c884fd000 ---p 00000000 00:00 0 
7f9c884fd000-7f9c885fb000 rw-p 00000000 00:00 0 
7f9c885fb000-7f9c885fe000 ---p 00000000 00:00 0 
7f9c885fe000-7f9c886fc000 rw-p 00000000 00:00 0 
7f9c886fc000-7f9c886fd000 ---p 00000000 00:00 0 
7f9c886fd000-7f9c8977c000 rw-p 00000000 00:00 0 
7f9c8977c000-7f9c89955000 r--s 03d1f000 08:08 3690072                    /usr/lib/jvm/java-8-oracle/jre/lib/rt.jar
7f9c89955000-7f9c8a08b000 rw-p 00000000 00:00 0 
7f9c8a08b000-7f9c8a1cb000 ---p 00000000 00:00 0 
7f9c8a1cb000-7f9c8c3cb000 rw-p 00000000 00:00 0 
7f9c8c3cb000-7f9c8c3cc000 ---p 00000000 00:00 0 
7f9c8c3cc000-7f9c8c4cc000 rw-p 00000000 00:00 0 
7f9c8c4cc000-7f9c8c4cd000 ---p 00000000 00:00 0 
7f9c8c4cd000-7f9c8c5cd000 rw-p 00000000 00:00 0 
7f9c8c5cd000-7f9c8c5ce000 ---p 00000000 00:00 0 
7f9c8c5ce000-7f9c8c6e3000 rw-p 00000000 00:00 0 
7f9c8c6e3000-7f9c8c824000 ---p 00000000 00:00 0 
7f9c8c824000-7f9c8c839000 rw-p 00000000 00:00 0 
7f9c8c839000-7f9c8c979000 ---p 00000000 00:00 0 
7f9c8c979000-7f9c8c9c6000 rw-p 00000000 00:00 0 
7f9c8c9c6000-7f9c8ca24000 ---p 00000000 00:00 0 
7f9c8ca24000-7f9c8ca42000 rw-p 00000000 00:00 0 
7f9c8ca42000-7f9c8cde5000 ---p 00000000 00:00 0 
7f9c8cde5000-7f9c8d515000 rwxp 00000000 00:00 0 
7f9c8d515000-7f9c9bde5000 ---p 00000000 00:00 0 
7f9c9bde5000-7f9c9bdff000 r-xp 00000000 08:08 3690157                    /usr/lib/jvm/java-8-oracle/jre/lib/amd64/libzip.so
7f9c9bdff000-7f9c9bfff000 ---p 0001a000 08:08 3690157                    /usr/lib/jvm/java-8-oracle/jre/lib/amd64/libzip.so
7f9c9bfff000-7f9c9c000000 rw-p 0001a000 08:08 3690157                    /usr/lib/jvm/java-8-oracle/jre/lib/amd64/libzip.so
7f9c9c000000-7f9c9c394000 rw-p 00000000 00:00 0 
7f9c9c394000-7f9ca0000000 ---p 00000000 00:00 0 
7f9ca0004000-7f9ca0046000 rw-p 00000000 00:00 0 
7f9ca0046000-7f9ca0047000 ---p 00000000 00:00 0 
7f9ca0047000-7f9ca0147000 rw-p 00000000 00:00 0 
7f9ca0147000-7f9ca0151000 r-xp 00000000 08:08 3936793                    /lib/x86_64-linux-gnu/libnss_files-2.21.so
7f9ca0151000-7f9ca0351000 ---p 0000a000 08:08 3936793                    /lib/x86_64-linux-gnu/libnss_files-2.21.so
7f9ca0351000-7f9ca0352000 r--p 0000a000 08:08 3936793                    /lib/x86_64-linux-gnu/libnss_files-2.21.so
7f9ca0352000-7f9ca0353000 rw-p 0000b000 08:08 3936793                    /lib/x86_64-linux-gnu/libnss_files-2.21.so
7f9ca0353000-7f9ca035e000 r-xp 00000000 08:08 3948763                    /lib/x86_64-linux-gnu/libnss_nis-2.21.so
7f9ca035e000-7f9ca055d000 ---p 0000b000 08:08 3948763                    /lib/x86_64-linux-gnu/libnss_nis-2.21.so
7f9ca055d000-7f9ca055e000 r--p 0000a000 08:08 3948763                    /lib/x86_64-linux-gnu/libnss_nis-2.21.so
7f9ca055e000-7f9ca055f000 rw-p 0000b000 08:08 3948763                    /lib/x86_64-linux-gnu/libnss_nis-2.21.so
7f9ca055f000-7f9ca0576000 r-xp 00000000 08:08 3948767                    /lib/x86_64-linux-gnu/libnsl-2.21.so
7f9ca0576000-7f9ca0775000 ---p 00017000 08:08 3948767                    /lib/x86_64-linux-gnu/libnsl-2.21.so
7f9ca0775000-7f9ca0776000 r--p 00016000 08:08 3948767                    /lib/x86_64-linux-gnu/libnsl-2.21.so
7f9ca0776000-7f9ca0777000 rw-p 00017000 08:08 3948767                    /lib/x86_64-linux-gnu/libnsl-2.21.so
7f9ca0777000-7f9ca0779000 rw-p 00000000 00:00 0 
7f9ca0779000-7f9ca0781000 r-xp 00000000 08:08 3948743                    /lib/x86_64-linux-gnu/libnss_compat-2.21.so
7f9ca0781000-7f9ca0980000 ---p 00008000 08:08 3948743                    /lib/x86_64-linux-gnu/libnss_compat-2.21.so
7f9ca0980000-7f9ca0981000 r--p 00007000 08:08 3948743                    /lib/x86_64-linux-gnu/libnss_compat-2.21.so
7f9ca0981000-7f9ca0982000 rw-p 00008000 08:08 3948743                    /lib/x86_64-linux-gnu/libnss_compat-2.21.so
7f9ca0982000-7f9ca09ac000 r-xp 00000000 08:08 3690152                    /usr/lib/jvm/java-8-oracle/jre/lib/amd64/libjava.so
7f9ca09ac000-7f9ca0bac000 ---p 0002a000 08:08 3690152                    /usr/lib/jvm/java-8-oracle/jre/lib/amd64/libjava.so
7f9ca0bac000-7f9ca0bae000 rw-p 0002a000 08:08 3690152                    /usr/lib/jvm/java-8-oracle/jre/lib/amd64/libjava.so
7f9ca0bae000-7f9ca0bbb000 r-xp 00000000 08:08 3690156                    /usr/lib/jvm/java-8-oracle/jre/lib/amd64/libverify.so
7f9ca0bbb000-7f9ca0dbb000 ---p 0000d000 08:08 3690156                    /usr/lib/jvm/java-8-oracle/jre/lib/amd64/libverify.so
7f9ca0dbb000-7f9ca0dbd000 rw-p 0000d000 08:08 3690156                    /usr/lib/jvm/java-8-oracle/jre/lib/amd64/libverify.so
7f9ca0dbd000-7f9ca0dc4000 r-xp 00000000 08:08 3936794                    /lib/x86_64-linux-gnu/librt-2.21.so
7f9ca0dc4000-7f9ca0fc3000 ---p 00007000 08:08 3936794                    /lib/x86_64-linux-gnu/librt-2.21.so
7f9ca0fc3000-7f9ca0fc4000 r--p 00006000 08:08 3936794                    /lib/x86_64-linux-gnu/librt-2.21.so
7f9ca0fc4000-7f9ca0fc5000 rw-p 00007000 08:08 3936794                    /lib/x86_64-linux-gnu/librt-2.21.so
7f9ca0fc5000-7f9ca10cc000 r-xp 00000000 08:08 3948746                    /lib/x86_64-linux-gnu/libm-2.21.so
7f9ca10cc000-7f9ca12cb000 ---p 00107000 08:08 3948746                    /lib/x86_64-linux-gnu/libm-2.21.so
7f9ca12cb000-7f9ca12cc000 r--p 00106000 08:08 3948746                    /lib/x86_64-linux-gnu/libm-2.21.so
7f9ca12cc000-7f9ca12cd000 rw-p 00107000 08:08 3948746                    /lib/x86_64-linux-gnu/libm-2.21.so
7f9ca12cd000-7f9ca1f8d000 r-xp 00000000 08:08 3806710                    /usr/lib/jvm/java-8-oracle/jre/lib/amd64/server/libjvm.so
7f9ca1f8d000-7f9ca218d000 ---p 00cc0000 08:08 3806710                    /usr/lib/jvm/java-8-oracle/jre/lib/amd64/server/libjvm.so
7f9ca218d000-7f9ca2265000 rw-p 00cc0000 08:08 3806710                    /usr/lib/jvm/java-8-oracle/jre/lib/amd64/server/libjvm.so
7f9ca2265000-7f9ca22b0000 rw-p 00000000 00:00 0 
7f9ca22b0000-7f9ca2470000 r-xp 00000000 08:08 3948772                    /lib/x86_64-linux-gnu/libc-2.21.so
7f9ca2470000-7f9ca2670000 ---p 001c0000 08:08 3948772                    /lib/x86_64-linux-gnu/libc-2.21.so
7f9ca2670000-7f9ca2674000 r--p 001c0000 08:08 3948772                    /lib/x86_64-linux-gnu/libc-2.21.so
7f9ca2674000-7f9ca2676000 rw-p 001c4000 08:08 3948772                    /lib/x86_64-linux-gnu/libc-2.21.so
7f9ca2676000-7f9ca267a000 rw-p 00000000 00:00 0 
7f9ca267a000-7f9ca267d000 r-xp 00000000 08:08 3948756                    /lib/x86_64-linux-gnu/libdl-2.21.so
7f9ca267d000-7f9ca287c000 ---p 00003000 08:08 3948756                    /lib/x86_64-linux-gnu/libdl-2.21.so
7f9ca287c000-7f9ca287d000 r--p 00002000 08:08 3948756                    /lib/x86_64-linux-gnu/libdl-2.21.so
7f9ca287d000-7f9ca287e000 rw-p 00003000 08:08 3948756                    /lib/x86_64-linux-gnu/libdl-2.21.so
7f9ca287e000-7f9ca2893000 r-xp 00000000 08:08 3689386                    /usr/lib/jvm/java-8-oracle/lib/amd64/jli/libjli.so
7f9ca2893000-7f9ca2a93000 ---p 00015000 08:08 3689386                    /usr/lib/jvm/java-8-oracle/lib/amd64/jli/libjli.so
7f9ca2a93000-7f9ca2a94000 rw-p 00015000 08:08 3689386                    /usr/lib/jvm/java-8-oracle/lib/amd64/jli/libjli.so
7f9ca2a94000-7f9ca2aac000 r-xp 00000000 08:08 3948747                    /lib/x86_64-linux-gnu/libpthread-2.21.so
7f9ca2aac000-7f9ca2cac000 ---p 00018000 08:08 3948747                    /lib/x86_64-linux-gnu/libpthread-2.21.so
7f9ca2cac000-7f9ca2cad000 r--p 00018000 08:08 3948747                    /lib/x86_64-linux-gnu/libpthread-2.21.so
7f9ca2cad000-7f9ca2cae000 rw-p 00019000 08:08 3948747                    /lib/x86_64-linux-gnu/libpthread-2.21.so
7f9ca2cae000-7f9ca2cb2000 rw-p 00000000 00:00 0 
7f9ca2cb2000-7f9ca2cd6000 r-xp 00000000 08:08 3948769                    /lib/x86_64-linux-gnu/ld-2.21.so
7f9ca2cd8000-7f9ca2db1000 rw-p 00000000 00:00 0 
7f9ca2db1000-7f9ca2db4000 ---p 00000000 00:00 0 
7f9ca2db4000-7f9ca2eb6000 rw-p 00000000 00:00 0 
7f9ca2eb9000-7f9ca2eba000 rw-p 00000000 00:00 0 
7f9ca2eba000-7f9ca2ec9000 r--s 000df000 08:08 2111692                    /home/umang/Android/Sdk/build-tools/23.0.3/lib/dx.jar
7f9ca2ec9000-7f9ca2ed1000 rw-s 00000000 08:08 931485                     /tmp/hsperfdata_umang/5987
7f9ca2ed1000-7f9ca2ed2000 rw-p 00000000 00:00 0 
7f9ca2ed2000-7f9ca2ed3000 ---p 00000000 00:00 0 
7f9ca2ed3000-7f9ca2ed5000 rw-p 00000000 00:00 0 
7f9ca2ed5000-7f9ca2ed6000 r--p 00023000 08:08 3948769                    /lib/x86_64-linux-gnu/ld-2.21.so
7f9ca2ed6000-7f9ca2ed7000 rw-p 00024000 08:08 3948769                    /lib/x86_64-linux-gnu/ld-2.21.so
7f9ca2ed7000-7f9ca2ed8000 rw-p 00000000 00:00 0 
7ffea963e000-7ffea965f000 rw-p 00000000 00:00 0                          [stack]
7ffea9788000-7ffea978a000 r--p 00000000 00:00 0                          [vvar]
7ffea978a000-7ffea978c000 r-xp 00000000 00:00 0                          [vdso]
ffffffffff600000-ffffffffff601000 r-xp 00000000 00:00 0                  [vsyscall]

VM Arguments:
jvm_args: -Djava.awt.headless=true -Xmx1024M -Dfile.encoding=UTF-8 -Duser.country=IN -Duser.language=en -Duser.variant 
java_command: com.android.dx.command.Main --dex --force-jumbo --num-threads=4 --output /home/umang/AndroidStudioProjects/Calendar/app/build/intermediates/pre-dexed/debug/com.android.support-appcompat-v7-23.4.0_f0d3e51d6abe5ac9363d3a67bd9ddc80d6c40a0c.jar /home/umang/AndroidStudioProjects/Calendar/app/build/intermediates/exploded-aar/com.android.support/appcompat-v7/23.4.0/jars/classes.jar
java_class_path (initial): /home/umang/Android/Sdk/build-tools/23.0.3/lib/dx.jar
Launcher Type: SUN_STANDARD

Environment Variables:
JAVA_HOME=/usr/lib/jvm/java-8-oracle
PATH=/usr/local/sbin:/usr/local/bin:/usr/sbin:/usr/bin:/sbin:/bin:/usr/games:/usr/local/games:/usr/lib/jvm/java-8-oracle/bin:/usr/lib/jvm/java-8-oracle/db/bin:/usr/lib/jvm/java-8-oracle/jre/bin
SHELL=/bin/bash
DISPLAY=:0

Signal Handlers:
SIGSEGV: [libjvm.so+0xabca10], sa_mask[0]=11111111011111111101111111111110, sa_flags=SA_RESTART|SA_SIGINFO
SIGBUS: [libjvm.so+0xabca10], sa_mask[0]=11111111011111111101111111111110, sa_flags=SA_RESTART|SA_SIGINFO
SIGFPE: [libjvm.so+0x919a20], sa_mask[0]=11111111011111111101111111111110, sa_flags=SA_RESTART|SA_SIGINFO
SIGPIPE: [libjvm.so+0x919a20], sa_mask[0]=11111111011111111101111111111110, sa_flags=SA_RESTART|SA_SIGINFO
SIGXFSZ: [libjvm.so+0x919a20], sa_mask[0]=11111111011111111101111111111110, sa_flags=SA_RESTART|SA_SIGINFO
SIGILL: [libjvm.so+0x919a20], sa_mask[0]=11111111011111111101111111111110, sa_flags=SA_RESTART|SA_SIGINFO
SIGUSR1: SIG_DFL, sa_mask[0]=00000000000000000000000000000000, sa_flags=none
SIGUSR2: [libjvm.so+0x91b050], sa_mask[0]=00100000000000000000000000000000, sa_flags=SA_RESTART|SA_SIGINFO
SIGHUP: [libjvm.so+0x91c450], sa_mask[0]=11111111011111111101111111111110, sa_flags=SA_RESTART|SA_SIGINFO
SIGINT: [libjvm.so+0x91c450], sa_mask[0]=11111111011111111101111111111110, sa_flags=SA_RESTART|SA_SIGINFO
SIGTERM: [libjvm.so+0x91c450], sa_mask[0]=11111111011111111101111111111110, sa_flags=SA_RESTART|SA_SIGINFO
SIGQUIT: [libjvm.so+0x91c450], sa_mask[0]=11111111011111111101111111111110, sa_flags=SA_RESTART|SA_SIGINFO


---------------  S Y S T E M  ---------------

OS:DISTRIB_ID=Ubuntu
DISTRIB_RELEASE=15.10
DISTRIB_CODENAME=wily
DISTRIB_DESCRIPTION="Ubuntu 15.10"

uname:Linux 4.2.0-41-generic #48-Ubuntu SMP Fri Jun 24 11:28:43 UTC 2016 x86_64
libc:glibc 2.21 NPTL 2.21 
rlimit: STACK 8192k, CORE 0k, NPROC 15088, NOFILE 65536, AS infinity
load average:29.69 9.60 3.86

/proc/meminfo:
MemTotal:        3959772 kB
MemFree:          110012 kB
MemAvailable:      48876 kB
Buffers:             300 kB
Cached:           331596 kB
SwapCached:            0 kB
Active:          3389216 kB
Inactive:         290952 kB
Active(anon):    3382772 kB
Inactive(anon):   284616 kB
Active(file):       6444 kB
Inactive(file):     6336 kB
Unevictable:          64 kB
Mlocked:              64 kB
SwapTotal:             0 kB
SwapFree:              0 kB
Dirty:                44 kB
Writeback:             0 kB
AnonPages:       3348408 kB
Mapped:           143036 kB
Shmem:            319044 kB
Slab:              73108 kB
SReclaimable:      33884 kB
SUnreclaim:        39224 kB
KernelStack:       10800 kB
PageTables:        44672 kB
NFS_Unstable:          0 kB
Bounce:                0 kB
WritebackTmp:          0 kB
CommitLimit:     1979884 kB
Committed_AS:    7844752 kB
VmallocTotal:   34359738367 kB
VmallocUsed:      551408 kB
VmallocChunk:   34358423548 kB
HardwareCorrupted:     0 kB
AnonHugePages:   1849344 kB
CmaTotal:              0 kB
CmaFree:               0 kB
HugePages_Total:       0
HugePages_Free:        0
HugePages_Rsvd:        0
HugePages_Surp:        0
Hugepagesize:       2048 kB
DirectMap4k:      147008 kB
DirectMap2M:     3960832 kB
DirectMap1G:     1048576 kB


CPU:total 4 (2 cores per cpu, 2 threads per core) family 6 model 61 stepping 4, cmov, cx8, fxsr, mmx, sse, sse2, sse3, ssse3, sse4.1, sse4.2, popcnt, avx, avx2, aes, clmul, erms, 3dnowpref, lzcnt, ht, tsc, tscinvbit, bmi1, bmi2, adx

/proc/cpuinfo:
processor	: 0
vendor_id	: GenuineIntel
cpu family	: 6
model		: 61
model name	: Intel(R) Core(TM) i5-5200U CPU @ 2.20GHz
stepping	: 4
microcode	: 0x19
cpu MHz		: 2110.539
cache size	: 3072 KB
physical id	: 0
siblings	: 4
core id		: 0
cpu cores	: 2
apicid		: 0
initial apicid	: 0
fpu		: yes
fpu_exception	: yes
cpuid level	: 20
wp		: yes
flags		: fpu vme de pse tsc msr pae mce cx8 apic sep mtrr pge mca cmov pat pse36 clflush dts acpi mmx fxsr sse sse2 ss ht tm pbe syscall nx pdpe1gb rdtscp lm constant_tsc arch_perfmon pebs bts rep_good nopl xtopology nonstop_tsc aperfmperf eagerfpu pni pclmulqdq dtes64 monitor ds_cpl vmx est tm2 ssse3 fma cx16 xtpr pdcm pcid sse4_1 sse4_2 x2apic movbe popcnt tsc_deadline_timer aes xsave avx f16c rdrand lahf_lm abm 3dnowprefetch ida arat epb pln pts dtherm intel_pt tpr_shadow vnmi flexpriority ept vpid fsgsbase tsc_adjust bmi1 avx2 smep bmi2 erms invpcid rdseed adx smap xsaveopt
bugs		:
bogomips	: 4389.86
clflush size	: 64
cache_alignment	: 64
address sizes	: 39 bits physical, 48 bits virtual
power management:

processor	: 1
vendor_id	: GenuineIntel
cpu family	: 6
model		: 61
model name	: Intel(R) Core(TM) i5-5200U CPU @ 2.20GHz
stepping	: 4
microcode	: 0x19
cpu MHz		: 1270.843
cache size	: 3072 KB
physical id	: 0
siblings	: 4
core id		: 1
cpu cores	: 2
apicid		: 2
initial apicid	: 2
fpu		: yes
fpu_exception	: yes
cpuid level	: 20
wp		: yes
flags		: fpu vme de pse tsc msr pae mce cx8 apic sep mtrr pge mca cmov pat pse36 clflush dts acpi mmx fxsr sse sse2 ss ht tm pbe syscall nx pdpe1gb rdtscp lm constant_tsc arch_perfmon pebs bts rep_good nopl xtopology nonstop_tsc aperfmperf eagerfpu pni pclmulqdq dtes64 monitor ds_cpl vmx est tm2 ssse3 fma cx16 xtpr pdcm pcid sse4_1 sse4_2 x2apic movbe popcnt tsc_deadline_timer aes xsave avx f16c rdrand lahf_lm abm 3dnowprefetch ida arat epb pln pts dtherm intel_pt tpr_shadow vnmi flexpriority ept vpid fsgsbase tsc_adjust bmi1 avx2 smep bmi2 erms invpcid rdseed adx smap xsaveopt
bugs		:
bogomips	: 4389.86
clflush size	: 64
cache_alignment	: 64
address sizes	: 39 bits physical, 48 bits virtual
power management:

processor	: 2
vendor_id	: GenuineIntel
cpu family	: 6
model		: 61
model name	: Intel(R) Core(TM) i5-5200U CPU @ 2.20GHz
stepping	: 4
microcode	: 0x19
cpu MHz		: 1730.867
cache size	: 3072 KB
physical id	: 0
siblings	: 4
core id		: 0
cpu cores	: 2
apicid		: 1
initial apicid	: 1
fpu		: yes
fpu_exception	: yes
cpuid level	: 20
wp		: yes
flags		: fpu vme de pse tsc msr pae mce cx8 apic sep mtrr pge mca cmov pat pse36 clflush dts acpi mmx fxsr sse sse2 ss ht tm pbe syscall nx pdpe1gb rdtscp lm constant_tsc arch_perfmon pebs bts rep_good nopl xtopology nonstop_tsc aperfmperf eagerfpu pni pclmulqdq dtes64 monitor ds_cpl vmx est tm2 ssse3 fma cx16 xtpr pdcm pcid sse4_1 sse4_2 x2apic movbe popcnt tsc_deadline_timer aes xsave avx f16c rdrand lahf_lm abm 3dnowprefetch ida arat epb pln pts dtherm intel_pt tpr_shadow vnmi flexpriority ept vpid fsgsbase tsc_adjust bmi1 avx2 smep bmi2 erms invpcid rdseed adx smap xsaveopt
bugs		:
bogomips	: 4389.86
clflush size	: 64
cache_alignment	: 64
address sizes	: 39 bits physical, 48 bits virtual
power management:

processor	: 3
vendor_id	: GenuineIntel
cpu family	: 6
model		: 61
model name	: Intel(R) Core(TM) i5-5200U CPU @ 2.20GHz
stepping	: 4
microcode	: 0x19
cpu MHz		: 1052.906
cache size	: 3072 KB
physical id	: 0
siblings	: 4
core id		: 1
cpu cores	: 2
apicid		: 3
initial apicid	: 3
fpu		: yes
fpu_exception	: yes
cpuid level	: 20
wp		: yes
flags		: fpu vme de pse tsc msr pae mce cx8 apic sep mtrr pge mca cmov pat pse36 clflush dts acpi mmx fxsr sse sse2 ss ht tm pbe syscall nx pdpe1gb rdtscp lm constant_tsc arch_perfmon pebs bts rep_good nopl xtopology nonstop_tsc aperfmperf eagerfpu pni pclmulqdq dtes64 monitor ds_cpl vmx est tm2 ssse3 fma cx16 xtpr pdcm pcid sse4_1 sse4_2 x2apic movbe popcnt tsc_deadline_timer aes xsave avx f16c rdrand lahf_lm abm 3dnowprefetch ida arat epb pln pts dtherm intel_pt tpr_shadow vnmi flexpriority ept vpid fsgsbase tsc_adjust bmi1 avx2 smep bmi2 erms invpcid rdseed adx smap xsaveopt
bugs		:
bogomips	: 4389.86
clflush size	: 64
cache_alignment	: 64
address sizes	: 39 bits physical, 48 bits virtual
power management:



Memory: 4k page, physical 3959772k(108028k free), swap 0k(0k free)

vm_info: Java HotSpot(TM) 64-Bit Server VM (25.91-b14) for linux-amd64 JRE (1.8.0_91-b14), built on Apr  1 2016 00:57:21 by "java_re" with gcc 4.3.0 20080428 (Red Hat 4.3.0-8)

time: Wed Jun 29 15:46:27 2016
elapsed time: 82 seconds (0d 0h 1m 22s)

