#
# There is insufficient memory for the Java Runtime Environment to continue.
# Native memory allocation (mmap) failed to map 147849216 bytes for committing reserved memory.
# Possible reasons:
#   The system is out of physical RAM or swap space
#   In 32 bit mode, the process size limit was hit
# Possible solutions:
#   Reduce memory load on the system
#   Increase physical memory or swap space
#   Check if swap backing store is full
#   Use 64 bit Java on a 64 bit OS
#   Decrease Java heap size (-Xmx/-Xms)
#   Decrease number of Java threads
#   Decrease Java thread stack sizes (-Xss)
#   Set larger code cache with -XX:ReservedCodeCacheSize=
# This output file may be truncated or incomplete.
#
#  Out of Memory Error (os_linux.cpp:2627), pid=5636, tid=140465955227392
#
# JRE version: Java(TM) SE Runtime Environment (8.0_91-b14) (build 1.8.0_91-b14)
# Java VM: Java HotSpot(TM) 64-Bit Server VM (25.91-b14 mixed mode linux-amd64 compressed oops)
# Failed to write core dump. Core dumps have been disabled. To enable core dumping, try "ulimit -c unlimited" before starting Java again
#

---------------  T H R E A D  ---------------

Current thread (0x00007fc0e4078000):  VMThread [stack: 0x00007fc0c74d4000,0x00007fc0c75d5000] [id=5666]

Stack: [0x00007fc0c74d4000,0x00007fc0c75d5000],  sp=0x00007fc0c75d3320,  free space=1020k
Native frames: (J=compiled Java code, j=interpreted, Vv=VM code, C=native code)
V  [libjvm.so+0xabc18a]  VMError::report_and_die()+0x2ba
V  [libjvm.so+0x4fafeb]  report_vm_out_of_memory(char const*, int, unsigned long, VMErrorType, char const*)+0x8b
V  [libjvm.so+0x91cbb3]  os::Linux::commit_memory_impl(char*, unsigned long, bool)+0x103
V  [libjvm.so+0x91d109]  os::pd_commit_memory(char*, unsigned long, unsigned long, bool)+0x29
V  [libjvm.so+0x91740a]  os::commit_memory(char*, unsigned long, unsigned long, bool)+0x2a
V  [libjvm.so+0x98b033]  PSVirtualSpace::expand_by(unsigned long)+0x53
V  [libjvm.so+0x98c438]  PSYoungGen::resize_generation(unsigned long, unsigned long)+0xf8
V  [libjvm.so+0x98b592]  PSYoungGen::resize(unsigned long, unsigned long)+0x22
V  [libjvm.so+0x98886b]  PSScavenge::invoke_no_policy()+0xf3b
V  [libjvm.so+0x988ff1]  PSScavenge::invoke()+0x41
V  [libjvm.so+0x9408b0]  ParallelScavengeHeap::failed_mem_allocate(unsigned long)+0x70
V  [libjvm.so+0xabdba7]  VM_ParallelGCFailedAllocation::doit()+0x97
V  [libjvm.so+0xac55d5]  VM_Operation::evaluate()+0x55
V  [libjvm.so+0xac39aa]  VMThread::evaluate_operation(VM_Operation*)+0xba
V  [libjvm.so+0xac3d2e]  VMThread::loop()+0x1ce
V  [libjvm.so+0xac41a0]  VMThread::run()+0x70
V  [libjvm.so+0x91ef78]  java_start(Thread*)+0x108

VM_Operation (0x00007fc0edc86f30): ParallelGCFailedAllocation, mode: safepoint, requested by thread 0x00007fc0e400a000


---------------  P R O C E S S  ---------------

Java Threads: ( => current thread )
  0x00007fc0e40c8800 JavaThread "Service Thread" daemon [_thread_blocked, id=5692, stack(0x00007fc0c66eb000,0x00007fc0c67ec000)]
  0x00007fc0e40be000 JavaThread "C1 CompilerThread2" daemon [_thread_blocked, id=5690, stack(0x00007fc0c67ec000,0x00007fc0c68ed000)]
  0x00007fc0e40bc000 JavaThread "C2 CompilerThread1" daemon [_thread_blocked, id=5689, stack(0x00007fc0c68ed000,0x00007fc0c69ee000)]
  0x00007fc0e40b9000 JavaThread "C2 CompilerThread0" daemon [_thread_blocked, id=5688, stack(0x00007fc0c69ee000,0x00007fc0c6aef000)]
  0x00007fc0e40b7800 JavaThread "Signal Dispatcher" daemon [_thread_blocked, id=5685, stack(0x00007fc0c6aef000,0x00007fc0c6bf0000)]
  0x00007fc0e4084800 JavaThread "Finalizer" daemon [_thread_blocked, id=5674, stack(0x00007fc0c72d2000,0x00007fc0c73d3000)]
  0x00007fc0e4080000 JavaThread "Reference Handler" daemon [_thread_blocked, id=5668, stack(0x00007fc0c73d3000,0x00007fc0c74d4000)]
  0x00007fc0e400a000 JavaThread "main" [_thread_blocked, id=5645, stack(0x00007fc0edb88000,0x00007fc0edc89000)]

Other Threads:
=>0x00007fc0e4078000 VMThread [stack: 0x00007fc0c74d4000,0x00007fc0c75d5000] [id=5666]
  0x00007fc0e40cb800 WatcherThread [stack: 0x00007fc0c65ea000,0x00007fc0c66eb000] [id=5696]

VM state:at safepoint (normal execution)

VM Mutex/Monitor currently owned by a thread:  ([mutex/lock_event])
[0x00007fc0e4006510] Threads_lock - owner thread: 0x00007fc0e4078000
[0x00007fc0e4006a10] Heap_lock - owner thread: 0x00007fc0e400a000

Heap:
 PSYoungGen      total 140288K, used 14334K [0x00000000eab00000, 0x00000000f4300000, 0x0000000100000000)
  eden space 125952K, 0% used [0x00000000eab00000,0x00000000eab00000,0x00000000f2600000)
  from space 14336K, 99% used [0x00000000f2600000,0x00000000f33ffac8,0x00000000f3400000)
  to   space 13312K, 0% used [0x00000000f3400000,0x00000000f3400000,0x00000000f4100000)
 ParOldGen       total 42496K, used 36061K [0x00000000c0000000, 0x00000000c2980000, 0x00000000eab00000)
  object space 42496K, 84% used [0x00000000c0000000,0x00000000c23376b0,0x00000000c2980000)
 Metaspace       used 6625K, capacity 7416K, committed 7680K, reserved 1056768K
  class space    used 632K, capacity 688K, committed 768K, reserved 1048576K

Card table byte_map: [0x00007fc0ea742000,0x00007fc0ea943000] byte_map_base: 0x00007fc0ea142000

Marking Bits: (ParMarkBitMap*) 0x00007fc0ed05ad60
 Begin Bits: [0x00007fc0e81e8000, 0x00007fc0e91e8000)
 End Bits:   [0x00007fc0e91e8000, 0x00007fc0ea1e8000)

Polling page: 0x00007fc0edca9000

CodeCache: size=245760Kb used=7921Kb max_used=7921Kb free=237838Kb
 bounds [0x00007fc0d5000000, 0x00007fc0d57d0000, 0x00007fc0e4000000]
 total_blobs=2389 nmethods=2120 adapters=182
 compilation: enabled

Compilation events (10 events):
Event: 9.176 Thread 0x00007fc0e40be000 2444       2       com.android.dx.dex.code.form.Form21t::branchFits (22 bytes)
Event: 9.176 Thread 0x00007fc0e40be000 nmethod 2444 0x00007fc0d57bf850 code [0x00007fc0d57bf9e0, 0x00007fc0d57bfcf8]
Event: 9.176 Thread 0x00007fc0e40be000 2445       2       com.android.dx.dex.code.form.Form10t::branchFits (22 bytes)
Event: 9.177 Thread 0x00007fc0e40be000 nmethod 2445 0x00007fc0d57bff10 code [0x00007fc0d57c00a0, 0x00007fc0d57c03b8]
Event: 9.177 Thread 0x00007fc0e40be000 2459       1       com.android.dx.dex.code.form.Form23x::codeSize (2 bytes)
Event: 9.177 Thread 0x00007fc0e40be000 nmethod 2459 0x00007fc0d57c05d0 code [0x00007fc0d57c0720, 0x00007fc0d57c0830]
Event: 9.177 Thread 0x00007fc0e40be000 2462       1       com.android.dx.dex.code.form.Form31c::codeSize (2 bytes)
Event: 9.177 Thread 0x00007fc0e40be000 nmethod 2462 0x00007fc0d57c0890 code [0x00007fc0d57c09e0, 0x00007fc0d57c0af0]
Event: 9.193 Thread 0x00007fc0e40be000 2473       2       com.android.dx.dex.code.BlockAddresses::getLast (10 bytes)
Event: 9.193 Thread 0x00007fc0e40be000 nmethod 2473 0x00007fc0d57c0b50 code [0x00007fc0d57c0cc0, 0x00007fc0d57c0e30]

GC Heap History (10 events):
Event: 2.497 GC heap after
Heap after GC invocations=2 (full 0):
 PSYoungGen      total 34304K, used 2547K [0x00000000eab00000, 0x00000000ecf00000, 0x0000000100000000)
  eden space 31744K, 0% used [0x00000000eab00000,0x00000000eab00000,0x00000000eca00000)
  from space 2560K, 99% used [0x00000000ecc80000,0x00000000ecefcc30,0x00000000ecf00000)
  to   space 2560K, 0% used [0x00000000eca00000,0x00000000eca00000,0x00000000ecc80000)
 ParOldGen       total 42496K, used 3004K [0x00000000c0000000, 0x00000000c2980000, 0x00000000eab00000)
  object space 42496K, 7% used [0x00000000c0000000,0x00000000c02ef1d0,0x00000000c2980000)
 Metaspace       used 5758K, capacity 6704K, committed 6784K, reserved 1056768K
  class space    used 593K, capacity 616K, committed 640K, reserved 1048576K
}
Event: 3.882 GC heap before
{Heap before GC invocations=3 (full 0):
 PSYoungGen      total 34304K, used 34291K [0x00000000eab00000, 0x00000000ecf00000, 0x0000000100000000)
  eden space 31744K, 100% used [0x00000000eab00000,0x00000000eca00000,0x00000000eca00000)
  from space 2560K, 99% used [0x00000000ecc80000,0x00000000ecefcc30,0x00000000ecf00000)
  to   space 2560K, 0% used [0x00000000eca00000,0x00000000eca00000,0x00000000ecc80000)
 ParOldGen       total 42496K, used 3004K [0x00000000c0000000, 0x00000000c2980000, 0x00000000eab00000)
  object space 42496K, 7% used [0x00000000c0000000,0x00000000c02ef1d0,0x00000000c2980000)
 Metaspace       used 5955K, capacity 6896K, committed 7040K, reserved 1056768K
  class space    used 593K, capacity 616K, committed 640K, reserved 1048576K
Event: 3.937 GC heap after
Heap after GC invocations=3 (full 0):
 PSYoungGen      total 34304K, used 2534K [0x00000000eab00000, 0x00000000eee00000, 0x0000000100000000)
  eden space 31744K, 0% used [0x00000000eab00000,0x00000000eab00000,0x00000000eca00000)
  from space 2560K, 99% used [0x00000000eca00000,0x00000000ecc79b30,0x00000000ecc80000)
  to   space 2560K, 0% used [0x00000000eeb80000,0x00000000eeb80000,0x00000000eee00000)
 ParOldGen       total 42496K, used 7702K [0x00000000c0000000, 0x00000000c2980000, 0x00000000eab00000)
  object space 42496K, 18% used [0x00000000c0000000,0x00000000c0785898,0x00000000c2980000)
 Metaspace       used 5955K, capacity 6896K, committed 7040K, reserved 1056768K
  class space    used 593K, capacity 616K, committed 640K, reserved 1048576K
}
Event: 4.329 GC heap before
{Heap before GC invocations=4 (full 0):
 PSYoungGen      total 34304K, used 34278K [0x00000000eab00000, 0x00000000eee00000, 0x0000000100000000)
  eden space 31744K, 100% used [0x00000000eab00000,0x00000000eca00000,0x00000000eca00000)
  from space 2560K, 99% used [0x00000000eca00000,0x00000000ecc79b30,0x00000000ecc80000)
  to   space 2560K, 0% used [0x00000000eeb80000,0x00000000eeb80000,0x00000000eee00000)
 ParOldGen       total 42496K, used 7702K [0x00000000c0000000, 0x00000000c2980000, 0x00000000eab00000)
  object space 42496K, 18% used [0x00000000c0000000,0x00000000c0785898,0x00000000c2980000)
 Metaspace       used 5957K, capacity 6896K, committed 7040K, reserved 1056768K
  class space    used 593K, capacity 616K, committed 640K, reserved 1048576K
Event: 4.392 GC heap after
Heap after GC invocations=4 (full 0):
 PSYoungGen      total 66048K, used 2551K [0x00000000eab00000, 0x00000000eee00000, 0x0000000100000000)
  eden space 63488K, 0% used [0x00000000eab00000,0x00000000eab00000,0x00000000ee900000)
  from space 2560K, 99% used [0x00000000eeb80000,0x00000000eedfdd08,0x00000000eee00000)
  to   space 2560K, 0% used [0x00000000ee900000,0x00000000ee900000,0x00000000eeb80000)
 ParOldGen       total 42496K, used 12596K [0x00000000c0000000, 0x00000000c2980000, 0x00000000eab00000)
  object space 42496K, 29% used [0x00000000c0000000,0x00000000c0c4d2e0,0x00000000c2980000)
 Metaspace       used 5957K, capacity 6896K, committed 7040K, reserved 1056768K
  class space    used 593K, capacity 616K, committed 640K, reserved 1048576K
}
Event: 5.471 GC heap before
{Heap before GC invocations=5 (full 0):
 PSYoungGen      total 66048K, used 66039K [0x00000000eab00000, 0x00000000eee00000, 0x0000000100000000)
  eden space 63488K, 100% used [0x00000000eab00000,0x00000000ee900000,0x00000000ee900000)
  from space 2560K, 99% used [0x00000000eeb80000,0x00000000eedfdd08,0x00000000eee00000)
  to   space 2560K, 0% used [0x00000000ee900000,0x00000000ee900000,0x00000000eeb80000)
 ParOldGen       total 42496K, used 12596K [0x00000000c0000000, 0x00000000c2980000, 0x00000000eab00000)
  object space 42496K, 29% used [0x00000000c0000000,0x00000000c0c4d2e0,0x00000000c2980000)
 Metaspace       used 6087K, capacity 7000K, committed 7168K, reserved 1056768K
  class space    used 614K, capacity 656K, committed 768K, reserved 1048576K
Event: 5.527 GC heap after
Heap after GC invocations=5 (full 0):
 PSYoungGen      total 66048K, used 2556K [0x00000000eab00000, 0x00000000f4100000, 0x0000000100000000)
  eden space 63488K, 0% used [0x00000000eab00000,0x00000000eab00000,0x00000000ee900000)
  from space 2560K, 99% used [0x00000000ee900000,0x00000000eeb7f008,0x00000000eeb80000)
  to   space 13312K, 0% used [0x00000000f3400000,0x00000000f3400000,0x00000000f4100000)
 ParOldGen       total 42496K, used 22323K [0x00000000c0000000, 0x00000000c2980000, 0x00000000eab00000)
  object space 42496K, 52% used [0x00000000c0000000,0x00000000c15ccf40,0x00000000c2980000)
 Metaspace       used 6087K, capacity 7000K, committed 7168K, reserved 1056768K
  class space    used 614K, capacity 656K, committed 768K, reserved 1048576K
}
Event: 6.044 GC heap before
{Heap before GC invocations=6 (full 0):
 PSYoungGen      total 66048K, used 66044K [0x00000000eab00000, 0x00000000f4100000, 0x0000000100000000)
  eden space 63488K, 100% used [0x00000000eab00000,0x00000000ee900000,0x00000000ee900000)
  from space 2560K, 99% used [0x00000000ee900000,0x00000000eeb7f008,0x00000000eeb80000)
  to   space 13312K, 0% used [0x00000000f3400000,0x00000000f3400000,0x00000000f4100000)
 ParOldGen       total 42496K, used 22323K [0x00000000c0000000, 0x00000000c2980000, 0x00000000eab00000)
  object space 42496K, 52% used [0x00000000c0000000,0x00000000c15ccf40,0x00000000c2980000)
 Metaspace       used 6139K, capacity 7064K, committed 7424K, reserved 1056768K
  class space    used 614K, capacity 656K, committed 768K, reserved 1048576K
Event: 6.146 GC heap after
Heap after GC invocations=6 (full 0):
 PSYoungGen      total 139264K, used 11127K [0x00000000eab00000, 0x00000000f4300000, 0x0000000100000000)
  eden space 125952K, 0% used [0x00000000eab00000,0x00000000eab00000,0x00000000f2600000)
  from space 13312K, 83% used [0x00000000f3400000,0x00000000f3eddd20,0x00000000f4100000)
  to   space 14336K, 0% used [0x00000000f2600000,0x00000000f2600000,0x00000000f3400000)
 ParOldGen       total 42496K, used 22323K [0x00000000c0000000, 0x00000000c2980000, 0x00000000eab00000)
  object space 42496K, 52% used [0x00000000c0000000,0x00000000c15ccf40,0x00000000c2980000)
 Metaspace       used 6139K, capacity 7064K, committed 7424K, reserved 1056768K
  class space    used 614K, capacity 656K, committed 768K, reserved 1048576K
}
Event: 9.210 GC heap before
{Heap before GC invocations=7 (full 0):
 PSYoungGen      total 139264K, used 137079K [0x00000000eab00000, 0x00000000f4300000, 0x0000000100000000)
  eden space 125952K, 100% used [0x00000000eab00000,0x00000000f2600000,0x00000000f2600000)
  from space 13312K, 83% used [0x00000000f3400000,0x00000000f3eddd20,0x00000000f4100000)
  to   space 14336K, 0% used [0x00000000f2600000,0x00000000f2600000,0x00000000f3400000)
 ParOldGen       total 42496K, used 22323K [0x00000000c0000000, 0x00000000c2980000, 0x00000000eab00000)
  object space 42496K, 52% used [0x00000000c0000000,0x00000000c15ccf40,0x00000000c2980000)
 Metaspace       used 6625K, capacity 7416K, committed 7680K, reserved 1056768K
  class space    used 632K, capacity 688K, committed 768K, reserved 1048576K

Deoptimization events (10 events):
Event: 5.948 Thread 0x00007fc0e4193000 Uncommon trap: reason=bimorphic action=maybe_recompile pc=0x00007fc0d555614c method=com.android.dx.cf.code.BytecodeArray.parseInstruction(ILcom/android/dx/cf/code/BytecodeArray$Visitor;)I @ 971
Event: 5.948 Thread 0x00007fc0e4193000 Uncommon trap: reason=bimorphic action=maybe_recompile pc=0x00007fc0d55561d0 method=com.android.dx.cf.code.BytecodeArray.parseInstruction(ILcom/android/dx/cf/code/BytecodeArray$Visitor;)I @ 987
Event: 5.948 Thread 0x00007fc0e4193000 Uncommon trap: reason=bimorphic action=maybe_recompile pc=0x00007fc0d5556548 method=com.android.dx.cf.code.BytecodeArray.parseInstruction(ILcom/android/dx/cf/code/BytecodeArray$Visitor;)I @ 1130
Event: 7.033 Thread 0x00007fc0e4193000 Uncommon trap: reason=unstable_if action=reinterpret pc=0x00007fc0d53abb04 method=com.android.dx.dex.code.OutputFinisher.hasLocalInfo(Lcom/android/dx/dex/code/DalvInsn;)Z @ 24
Event: 7.807 Thread 0x00007fc0e400a000 Uncommon trap: reason=class_check action=maybe_recompile pc=0x00007fc0d544c47c method=java.util.Arrays.hashCode([Ljava/lang/Object;)I @ 43
Event: 7.807 Thread 0x00007fc0e400a000 Uncommon trap: reason=class_check action=maybe_recompile pc=0x00007fc0d544c47c method=java.util.Arrays.hashCode([Ljava/lang/Object;)I @ 43
Event: 7.807 Thread 0x00007fc0e400a000 Uncommon trap: reason=class_check action=maybe_recompile pc=0x00007fc0d544c47c method=java.util.Arrays.hashCode([Ljava/lang/Object;)I @ 43
Event: 7.807 Thread 0x00007fc0e400a000 Uncommon trap: reason=class_check action=maybe_recompile pc=0x00007fc0d544c47c method=java.util.Arrays.hashCode([Ljava/lang/Object;)I @ 43
Event: 7.807 Thread 0x00007fc0e400a000 Uncommon trap: reason=class_check action=maybe_recompile pc=0x00007fc0d544bd34 method=java.util.Arrays.hashCode([Ljava/lang/Object;)I @ 43
Event: 8.606 Thread 0x00007fc0e400a000 Uncommon trap: reason=unstable_if action=reinterpret pc=0x00007fc0d52f875c method=java.util.Arrays.equals([Ljava/lang/Object;[Ljava/lang/Object;)Z @ 23

Internal exceptions (7 events):
Event: 0.324 Thread 0x00007fc0e400a000 Exception <a 'java/lang/NoSuchMethodError': Method sun.misc.Unsafe.defineClass(Ljava/lang/String;[BII)Ljava/lang/Class; name or signature does not match> (0x00000000eab07cc0) thrown at [/HUDSON/workspace/8-2-build-linux-amd64/jdk8u91/6644/hotspot/src/shar
Event: 0.324 Thread 0x00007fc0e400a000 Exception <a 'java/lang/NoSuchMethodError': Method sun.misc.Unsafe.prefetchRead(Ljava/lang/Object;J)V name or signature does not match> (0x00000000eab07fa8) thrown at [/HUDSON/workspace/8-2-build-linux-amd64/jdk8u91/6644/hotspot/src/share/vm/prims/jni.cpp
Event: 2.711 Thread 0x00007fc0e4190000 Implicit null exception at 0x00007fc0d52a5fa4 to 0x00007fc0d52a8f79
Event: 3.694 Thread 0x00007fc0e4190000 Implicit null exception at 0x00007fc0d52c40a9 to 0x00007fc0d52c683d
Event: 4.667 Thread 0x00007fc0e400a000 Exception <a 'java/lang/ArrayIndexOutOfBoundsException': 18> (0x00000000eb91ada0) thrown at [/HUDSON/workspace/8-2-build-linux-amd64/jdk8u91/6644/hotspot/src/share/vm/interpreter/interpreterRuntime.cpp, line 366]
Event: 4.667 Thread 0x00007fc0e400a000 Exception <a 'java/lang/ArrayIndexOutOfBoundsException': 145> (0x00000000eb91c920) thrown at [/HUDSON/workspace/8-2-build-linux-amd64/jdk8u91/6644/hotspot/src/share/vm/interpreter/interpreterRuntime.cpp, line 366]
Event: 4.680 Thread 0x00007fc0e400a000 Exception <a 'java/lang/ArrayIndexOutOfBoundsException'> (0x00000000eb91dc08) thrown at [/HUDSON/workspace/8-2-build-linux-amd64/jdk8u91/6644/hotspot/src/share/vm/runtime/sharedRuntime.cpp, line 605]

Events (10 events):
Event: 9.084 Thread 0x00007fc0e400a000 DEOPT UNPACKING pc=0x00007fc0d5047633 sp=0x00007fc0edc870b8 mode 0
Event: 9.086 Thread 0x00007fc0e400a000 DEOPT PACKING pc=0x00007fc0d574e411 sp=0x00007fc0edc87290
Event: 9.086 Thread 0x00007fc0e400a000 DEOPT UNPACKING pc=0x00007fc0d5047633 sp=0x00007fc0edc87078 mode 0
Event: 9.087 Thread 0x00007fc0e400a000 DEOPT PACKING pc=0x00007fc0d574f4bd sp=0x00007fc0edc87370
Event: 9.087 Thread 0x00007fc0e400a000 DEOPT UNPACKING pc=0x00007fc0d5047633 sp=0x00007fc0edc870e0 mode 0
Event: 9.087 Thread 0x00007fc0e400a000 DEOPT PACKING pc=0x00007fc0d5752ef9 sp=0x00007fc0edc873d0
Event: 9.087 Thread 0x00007fc0e400a000 DEOPT UNPACKING pc=0x00007fc0d5047633 sp=0x00007fc0edc87160 mode 0
Event: 9.087 Thread 0x00007fc0e400a000 DEOPT PACKING pc=0x00007fc0d575369e sp=0x00007fc0edc872e0
Event: 9.087 Thread 0x00007fc0e400a000 DEOPT UNPACKING pc=0x00007fc0d5047633 sp=0x00007fc0edc87088 mode 0
Event: 9.210 Executing VM operation: ParallelGCFailedAllocation


Dynamic libraries:
00400000-00401000 r-xp 00000000 08:08 3680877                            /usr/lib/jvm/java-8-oracle/bin/java
00600000-00601000 rw-p 00000000 08:08 3680877                            /usr/lib/jvm/java-8-oracle/bin/java
01e88000-01ea9000 rw-p 00000000 00:00 0                                  [heap]
c0000000-c2980000 rw-p 00000000 00:00 0 
c2980000-eab00000 ---p 00000000 00:00 0 
eab00000-f4300000 rw-p 00000000 00:00 0 
fd000000-100000000 ---p 00000000 00:00 0 
100000000-1000c0000 rw-p 00000000 00:00 0 
1000c0000-140000000 ---p 00000000 00:00 0 
7fc084000000-7fc08402e000 rw-p 00000000 00:00 0 
7fc08402e000-7fc088000000 ---p 00000000 00:00 0 
7fc08c000000-7fc08c021000 rw-p 00000000 00:00 0 
7fc08c021000-7fc090000000 ---p 00000000 00:00 0 
7fc090000000-7fc090021000 rw-p 00000000 00:00 0 
7fc090021000-7fc094000000 ---p 00000000 00:00 0 
7fc094000000-7fc09402d000 rw-p 00000000 00:00 0 
7fc09402d000-7fc098000000 ---p 00000000 00:00 0 
7fc098000000-7fc098021000 rw-p 00000000 00:00 0 
7fc098021000-7fc09c000000 ---p 00000000 00:00 0 
7fc09c000000-7fc09c021000 rw-p 00000000 00:00 0 
7fc09c021000-7fc0a0000000 ---p 00000000 00:00 0 
7fc0a0000000-7fc0a0021000 rw-p 00000000 00:00 0 
7fc0a0021000-7fc0a4000000 ---p 00000000 00:00 0 
7fc0a4000000-7fc0a4aa6000 rw-p 00000000 00:00 0 
7fc0a4aa6000-7fc0a8000000 ---p 00000000 00:00 0 
7fc0a8000000-7fc0a8ef4000 rw-p 00000000 00:00 0 
7fc0a8ef4000-7fc0ac000000 ---p 00000000 00:00 0 
7fc0ac000000-7fc0ac021000 rw-p 00000000 00:00 0 
7fc0ac021000-7fc0b0000000 ---p 00000000 00:00 0 
7fc0b0000000-7fc0b1854000 rw-p 00000000 00:00 0 
7fc0b1854000-7fc0b4000000 ---p 00000000 00:00 0 
7fc0b4000000-7fc0b4021000 rw-p 00000000 00:00 0 
7fc0b4021000-7fc0b8000000 ---p 00000000 00:00 0 
7fc0b8000000-7fc0b8021000 rw-p 00000000 00:00 0 
7fc0b8021000-7fc0bc000000 ---p 00000000 00:00 0 
7fc0bc000000-7fc0bc294000 rw-p 00000000 00:00 0 
7fc0bc294000-7fc0c0000000 ---p 00000000 00:00 0 
7fc0c0000000-7fc0c0021000 rw-p 00000000 00:00 0 
7fc0c0021000-7fc0c4000000 ---p 00000000 00:00 0 
7fc0c60dc000-7fc0c60df000 ---p 00000000 00:00 0 
7fc0c60df000-7fc0c61dd000 rw-p 00000000 00:00 0 
7fc0c61dd000-7fc0c61e0000 ---p 00000000 00:00 0 
7fc0c61e0000-7fc0c62de000 rw-p 00000000 00:00 0 
7fc0c62de000-7fc0c62e1000 ---p 00000000 00:00 0 
7fc0c62e1000-7fc0c63df000 rw-p 00000000 00:00 0 
7fc0c63df000-7fc0c63e2000 ---p 00000000 00:00 0 
7fc0c63e2000-7fc0c64e0000 rw-p 00000000 00:00 0 
7fc0c64e0000-7fc0c64e3000 ---p 00000000 00:00 0 
7fc0c64e3000-7fc0c65e1000 rw-p 00000000 00:00 0 
7fc0c65ea000-7fc0c65eb000 ---p 00000000 00:00 0 
7fc0c65eb000-7fc0c66eb000 rw-p 00000000 00:00 0 
7fc0c66eb000-7fc0c66ee000 ---p 00000000 00:00 0 
7fc0c66ee000-7fc0c67ec000 rw-p 00000000 00:00 0 
7fc0c67ec000-7fc0c67ef000 ---p 00000000 00:00 0 
7fc0c67ef000-7fc0c68ed000 rw-p 00000000 00:00 0 
7fc0c68ed000-7fc0c68f0000 ---p 00000000 00:00 0 
7fc0c68f0000-7fc0c69ee000 rw-p 00000000 00:00 0 
7fc0c69ee000-7fc0c69f1000 ---p 00000000 00:00 0 
7fc0c69f1000-7fc0c6aef000 rw-p 00000000 00:00 0 
7fc0c6aef000-7fc0c6af2000 ---p 00000000 00:00 0 
7fc0c6af2000-7fc0c6bf0000 rw-p 00000000 00:00 0 
7fc0c6bf0000-7fc0c72d2000 r--p 00000000 08:08 3546846                    /usr/lib/locale/locale-archive
7fc0c72d2000-7fc0c72d5000 ---p 00000000 00:00 0 
7fc0c72d5000-7fc0c73d3000 rw-p 00000000 00:00 0 
7fc0c73d3000-7fc0c73d6000 ---p 00000000 00:00 0 
7fc0c73d6000-7fc0c74d4000 rw-p 00000000 00:00 0 
7fc0c74d4000-7fc0c74d5000 ---p 00000000 00:00 0 
7fc0c74d5000-7fc0c8000000 rw-p 00000000 00:00 0 
7fc0c8000000-7fc0c8021000 rw-p 00000000 00:00 0 
7fc0c8021000-7fc0cc000000 ---p 00000000 00:00 0 
7fc0cc000000-7fc0cc021000 rw-p 00000000 00:00 0 
7fc0cc021000-7fc0d0000000 ---p 00000000 00:00 0 
7fc0d0000000-7fc0d0021000 rw-p 00000000 00:00 0 
7fc0d0021000-7fc0d4000000 ---p 00000000 00:00 0 
7fc0d4002000-7fc0d4427000 rw-p 00000000 00:00 0 
7fc0d4427000-7fc0d4600000 r--s 03d1f000 08:08 3690072                    /usr/lib/jvm/java-8-oracle/jre/lib/rt.jar
7fc0d4600000-7fc0d4cc0000 rw-p 00000000 00:00 0 
7fc0d4cc0000-7fc0d4e00000 ---p 00000000 00:00 0 
7fc0d4e00000-7fc0d5000000 rw-p 00000000 00:00 0 
7fc0d5000000-7fc0d57d0000 rwxp 00000000 00:00 0 
7fc0d57d0000-7fc0e4000000 ---p 00000000 00:00 0 
7fc0e4000000-7fc0e4394000 rw-p 00000000 00:00 0 
7fc0e4394000-7fc0e8000000 ---p 00000000 00:00 0 
7fc0e8001000-7fc0ea1e8000 rw-p 00000000 00:00 0 
7fc0ea1e8000-7fc0ea1e9000 ---p 00000000 00:00 0 
7fc0ea1e9000-7fc0ea2e9000 rw-p 00000000 00:00 0 
7fc0ea2e9000-7fc0ea2ea000 ---p 00000000 00:00 0 
7fc0ea2ea000-7fc0ea3ea000 rw-p 00000000 00:00 0 
7fc0ea3ea000-7fc0ea3eb000 ---p 00000000 00:00 0 
7fc0ea3eb000-7fc0ea4eb000 rw-p 00000000 00:00 0 
7fc0ea4eb000-7fc0ea4ec000 ---p 00000000 00:00 0 
7fc0ea4ec000-7fc0ea601000 rw-p 00000000 00:00 0 
7fc0ea601000-7fc0ea742000 ---p 00000000 00:00 0 
7fc0ea742000-7fc0ea757000 rw-p 00000000 00:00 0 
7fc0ea757000-7fc0ea897000 ---p 00000000 00:00 0 
7fc0ea897000-7fc0ea8e4000 rw-p 00000000 00:00 0 
7fc0ea8e4000-7fc0ea942000 ---p 00000000 00:00 0 
7fc0ea942000-7fc0ea963000 rw-p 00000000 00:00 0 
7fc0ea963000-7fc0ead03000 ---p 00000000 00:00 0 
7fc0ead03000-7fc0ead1d000 r-xp 00000000 08:08 3690157                    /usr/lib/jvm/java-8-oracle/jre/lib/amd64/libzip.so
7fc0ead1d000-7fc0eaf1d000 ---p 0001a000 08:08 3690157                    /usr/lib/jvm/java-8-oracle/jre/lib/amd64/libzip.so
7fc0eaf1d000-7fc0eaf1e000 rw-p 0001a000 08:08 3690157                    /usr/lib/jvm/java-8-oracle/jre/lib/amd64/libzip.so
7fc0eaf1e000-7fc0eaf28000 r-xp 00000000 08:08 3936793                    /lib/x86_64-linux-gnu/libnss_files-2.21.so
7fc0eaf28000-7fc0eb128000 ---p 0000a000 08:08 3936793                    /lib/x86_64-linux-gnu/libnss_files-2.21.so
7fc0eb128000-7fc0eb129000 r--p 0000a000 08:08 3936793                    /lib/x86_64-linux-gnu/libnss_files-2.21.so
7fc0eb129000-7fc0eb12a000 rw-p 0000b000 08:08 3936793                    /lib/x86_64-linux-gnu/libnss_files-2.21.so
7fc0eb12a000-7fc0eb135000 r-xp 00000000 08:08 3948763                    /lib/x86_64-linux-gnu/libnss_nis-2.21.so
7fc0eb135000-7fc0eb334000 ---p 0000b000 08:08 3948763                    /lib/x86_64-linux-gnu/libnss_nis-2.21.so
7fc0eb334000-7fc0eb335000 r--p 0000a000 08:08 3948763                    /lib/x86_64-linux-gnu/libnss_nis-2.21.so
7fc0eb335000-7fc0eb336000 rw-p 0000b000 08:08 3948763                    /lib/x86_64-linux-gnu/libnss_nis-2.21.so
7fc0eb336000-7fc0eb34d000 r-xp 00000000 08:08 3948767                    /lib/x86_64-linux-gnu/libnsl-2.21.so
7fc0eb34d000-7fc0eb54c000 ---p 00017000 08:08 3948767                    /lib/x86_64-linux-gnu/libnsl-2.21.so
7fc0eb54c000-7fc0eb54d000 r--p 00016000 08:08 3948767                    /lib/x86_64-linux-gnu/libnsl-2.21.so
7fc0eb54d000-7fc0eb54e000 rw-p 00017000 08:08 3948767                    /lib/x86_64-linux-gnu/libnsl-2.21.so
7fc0eb54e000-7fc0eb550000 rw-p 00000000 00:00 0 
7fc0eb550000-7fc0eb558000 r-xp 00000000 08:08 3948743                    /lib/x86_64-linux-gnu/libnss_compat-2.21.so
7fc0eb558000-7fc0eb757000 ---p 00008000 08:08 3948743                    /lib/x86_64-linux-gnu/libnss_compat-2.21.so
7fc0eb757000-7fc0eb758000 r--p 00007000 08:08 3948743                    /lib/x86_64-linux-gnu/libnss_compat-2.21.so
7fc0eb758000-7fc0eb759000 rw-p 00008000 08:08 3948743                    /lib/x86_64-linux-gnu/libnss_compat-2.21.so
7fc0eb759000-7fc0eb783000 r-xp 00000000 08:08 3690152                    /usr/lib/jvm/java-8-oracle/jre/lib/amd64/libjava.so
7fc0eb783000-7fc0eb983000 ---p 0002a000 08:08 3690152                    /usr/lib/jvm/java-8-oracle/jre/lib/amd64/libjava.so
7fc0eb983000-7fc0eb985000 rw-p 0002a000 08:08 3690152                    /usr/lib/jvm/java-8-oracle/jre/lib/amd64/libjava.so
7fc0eb985000-7fc0eb992000 r-xp 00000000 08:08 3690156                    /usr/lib/jvm/java-8-oracle/jre/lib/amd64/libverify.so
7fc0eb992000-7fc0ebb92000 ---p 0000d000 08:08 3690156                    /usr/lib/jvm/java-8-oracle/jre/lib/amd64/libverify.so
7fc0ebb92000-7fc0ebb94000 rw-p 0000d000 08:08 3690156                    /usr/lib/jvm/java-8-oracle/jre/lib/amd64/libverify.so
7fc0ebb94000-7fc0ebb9b000 r-xp 00000000 08:08 3936794                    /lib/x86_64-linux-gnu/librt-2.21.so
7fc0ebb9b000-7fc0ebd9a000 ---p 00007000 08:08 3936794                    /lib/x86_64-linux-gnu/librt-2.21.so
7fc0ebd9a000-7fc0ebd9b000 r--p 00006000 08:08 3936794                    /lib/x86_64-linux-gnu/librt-2.21.so
7fc0ebd9b000-7fc0ebd9c000 rw-p 00007000 08:08 3936794                    /lib/x86_64-linux-gnu/librt-2.21.so
7fc0ebd9c000-7fc0ebea3000 r-xp 00000000 08:08 3948746                    /lib/x86_64-linux-gnu/libm-2.21.so
7fc0ebea3000-7fc0ec0a2000 ---p 00107000 08:08 3948746                    /lib/x86_64-linux-gnu/libm-2.21.so
7fc0ec0a2000-7fc0ec0a3000 r--p 00106000 08:08 3948746                    /lib/x86_64-linux-gnu/libm-2.21.so
7fc0ec0a3000-7fc0ec0a4000 rw-p 00107000 08:08 3948746                    /lib/x86_64-linux-gnu/libm-2.21.so
7fc0ec0a4000-7fc0ecd64000 r-xp 00000000 08:08 3806710                    /usr/lib/jvm/java-8-oracle/jre/lib/amd64/server/libjvm.so
7fc0ecd64000-7fc0ecf64000 ---p 00cc0000 08:08 3806710                    /usr/lib/jvm/java-8-oracle/jre/lib/amd64/server/libjvm.so
7fc0ecf64000-7fc0ed03c000 rw-p 00cc0000 08:08 3806710                    /usr/lib/jvm/java-8-oracle/jre/lib/amd64/server/libjvm.so
7fc0ed03c000-7fc0ed087000 rw-p 00000000 00:00 0 
7fc0ed087000-7fc0ed247000 r-xp 00000000 08:08 3948772                    /lib/x86_64-linux-gnu/libc-2.21.so
7fc0ed247000-7fc0ed447000 ---p 001c0000 08:08 3948772                    /lib/x86_64-linux-gnu/libc-2.21.so
7fc0ed447000-7fc0ed44b000 r--p 001c0000 08:08 3948772                    /lib/x86_64-linux-gnu/libc-2.21.so
7fc0ed44b000-7fc0ed44d000 rw-p 001c4000 08:08 3948772                    /lib/x86_64-linux-gnu/libc-2.21.so
7fc0ed44d000-7fc0ed451000 rw-p 00000000 00:00 0 
7fc0ed451000-7fc0ed454000 r-xp 00000000 08:08 3948756                    /lib/x86_64-linux-gnu/libdl-2.21.so
7fc0ed454000-7fc0ed653000 ---p 00003000 08:08 3948756                    /lib/x86_64-linux-gnu/libdl-2.21.so
7fc0ed653000-7fc0ed654000 r--p 00002000 08:08 3948756                    /lib/x86_64-linux-gnu/libdl-2.21.so
7fc0ed654000-7fc0ed655000 rw-p 00003000 08:08 3948756                    /lib/x86_64-linux-gnu/libdl-2.21.so
7fc0ed655000-7fc0ed66a000 r-xp 00000000 08:08 3689386                    /usr/lib/jvm/java-8-oracle/lib/amd64/jli/libjli.so
7fc0ed66a000-7fc0ed86a000 ---p 00015000 08:08 3689386                    /usr/lib/jvm/java-8-oracle/lib/amd64/jli/libjli.so
7fc0ed86a000-7fc0ed86b000 rw-p 00015000 08:08 3689386                    /usr/lib/jvm/java-8-oracle/lib/amd64/jli/libjli.so
7fc0ed86b000-7fc0ed883000 r-xp 00000000 08:08 3948747                    /lib/x86_64-linux-gnu/libpthread-2.21.so
7fc0ed883000-7fc0eda83000 ---p 00018000 08:08 3948747                    /lib/x86_64-linux-gnu/libpthread-2.21.so
7fc0eda83000-7fc0eda84000 r--p 00018000 08:08 3948747                    /lib/x86_64-linux-gnu/libpthread-2.21.so
7fc0eda84000-7fc0eda85000 rw-p 00019000 08:08 3948747                    /lib/x86_64-linux-gnu/libpthread-2.21.so
7fc0eda85000-7fc0eda89000 rw-p 00000000 00:00 0 
7fc0eda89000-7fc0edaad000 r-xp 00000000 08:08 3948769                    /lib/x86_64-linux-gnu/ld-2.21.so
7fc0edaaf000-7fc0edb88000 rw-p 00000000 00:00 0 
7fc0edb88000-7fc0edb8b000 ---p 00000000 00:00 0 
7fc0edb8b000-7fc0edc8d000 rw-p 00000000 00:00 0 
7fc0edc90000-7fc0edc91000 rw-p 00000000 00:00 0 
7fc0edc91000-7fc0edca0000 r--s 000df000 08:08 2111692                    /home/umang/Android/Sdk/build-tools/23.0.3/lib/dx.jar
7fc0edca0000-7fc0edca8000 rw-s 00000000 08:08 931744                     /tmp/hsperfdata_umang/5636
7fc0edca8000-7fc0edca9000 rw-p 00000000 00:00 0 
7fc0edca9000-7fc0edcaa000 ---p 00000000 00:00 0 
7fc0edcaa000-7fc0edcac000 rw-p 00000000 00:00 0 
7fc0edcac000-7fc0edcad000 r--p 00023000 08:08 3948769                    /lib/x86_64-linux-gnu/ld-2.21.so
7fc0edcad000-7fc0edcae000 rw-p 00024000 08:08 3948769                    /lib/x86_64-linux-gnu/ld-2.21.so
7fc0edcae000-7fc0edcaf000 rw-p 00000000 00:00 0 
7ffe99399000-7ffe993ba000 rw-p 00000000 00:00 0                          [stack]
7ffe993e0000-7ffe993e2000 r--p 00000000 00:00 0                          [vvar]
7ffe993e2000-7ffe993e4000 r-xp 00000000 00:00 0                          [vdso]
ffffffffff600000-ffffffffff601000 r-xp 00000000 00:00 0                  [vsyscall]

VM Arguments:
jvm_args: -Djava.awt.headless=true -Xmx1024M -Dfile.encoding=UTF-8 -Duser.country=IN -Duser.language=en -Duser.variant 
java_command: com.android.dx.command.Main --dex --force-jumbo --num-threads=4 --output /home/umang/AndroidStudioProjects/Calendar/app/build/intermediates/pre-dexed/debug/com.android.support-appcompat-v7-23.4.0_f0d3e51d6abe5ac9363d3a67bd9ddc80d6c40a0c.jar /home/umang/AndroidStudioProjects/Calendar/app/build/intermediates/exploded-aar/com.android.support/appcompat-v7/23.4.0/jars/classes.jar
java_class_path (initial): /home/umang/Android/Sdk/build-tools/23.0.3/lib/dx.jar
Launcher Type: SUN_STANDARD

Environment Variables:
JAVA_HOME=/usr/lib/jvm/java-8-oracle
PATH=/usr/local/sbin:/usr/local/bin:/usr/sbin:/usr/bin:/sbin:/bin:/usr/games:/usr/local/games:/usr/lib/jvm/java-8-oracle/bin:/usr/lib/jvm/java-8-oracle/db/bin:/usr/lib/jvm/java-8-oracle/jre/bin
SHELL=/bin/bash
DISPLAY=:0

Signal Handlers:
SIGSEGV: [libjvm.so+0xabca10], sa_mask[0]=11111111011111111101111111111110, sa_flags=SA_RESTART|SA_SIGINFO
SIGBUS: [libjvm.so+0xabca10], sa_mask[0]=11111111011111111101111111111110, sa_flags=SA_RESTART|SA_SIGINFO
SIGFPE: [libjvm.so+0x919a20], sa_mask[0]=11111111011111111101111111111110, sa_flags=SA_RESTART|SA_SIGINFO
SIGPIPE: [libjvm.so+0x919a20], sa_mask[0]=11111111011111111101111111111110, sa_flags=SA_RESTART|SA_SIGINFO
SIGXFSZ: [libjvm.so+0x919a20], sa_mask[0]=11111111011111111101111111111110, sa_flags=SA_RESTART|SA_SIGINFO
SIGILL: [libjvm.so+0x919a20], sa_mask[0]=11111111011111111101111111111110, sa_flags=SA_RESTART|SA_SIGINFO
SIGUSR1: SIG_DFL, sa_mask[0]=00000000000000000000000000000000, sa_flags=none
SIGUSR2: [libjvm.so+0x91b050], sa_mask[0]=00100000000000000000000000000000, sa_flags=SA_RESTART|SA_SIGINFO
SIGHUP: [libjvm.so+0x91c450], sa_mask[0]=11111111011111111101111111111110, sa_flags=SA_RESTART|SA_SIGINFO
SIGINT: [libjvm.so+0x91c450], sa_mask[0]=11111111011111111101111111111110, sa_flags=SA_RESTART|SA_SIGINFO
SIGTERM: [libjvm.so+0x91c450], sa_mask[0]=11111111011111111101111111111110, sa_flags=SA_RESTART|SA_SIGINFO
SIGQUIT: [libjvm.so+0x91c450], sa_mask[0]=11111111011111111101111111111110, sa_flags=SA_RESTART|SA_SIGINFO


---------------  S Y S T E M  ---------------

OS:DISTRIB_ID=Ubuntu
DISTRIB_RELEASE=15.10
DISTRIB_CODENAME=wily
DISTRIB_DESCRIPTION="Ubuntu 15.10"

uname:Linux 4.2.0-41-generic #48-Ubuntu SMP Fri Jun 24 11:28:43 UTC 2016 x86_64
libc:glibc 2.21 NPTL 2.21 
rlimit: STACK 8192k, CORE 0k, NPROC 15088, NOFILE 65536, AS infinity
load average:2.44 1.12 0.89

/proc/meminfo:
MemTotal:        3959772 kB
MemFree:          130296 kB
MemAvailable:      99348 kB
Buffers:            3048 kB
Cached:           391488 kB
SwapCached:            0 kB
Active:          3328200 kB
Inactive:         329248 kB
Active(anon):    3291024 kB
Inactive(anon):   294632 kB
Active(file):      37176 kB
Inactive(file):    34616 kB
Unevictable:          64 kB
Mlocked:              64 kB
SwapTotal:             0 kB
SwapFree:              0 kB
Dirty:             11316 kB
Writeback:             0 kB
AnonPages:       3265028 kB
Mapped:           185416 kB
Shmem:            323144 kB
Slab:              74208 kB
SReclaimable:      35256 kB
SUnreclaim:        38952 kB
KernelStack:       11120 kB
PageTables:        44180 kB
NFS_Unstable:          0 kB
Bounce:                0 kB
WritebackTmp:          0 kB
CommitLimit:     1979884 kB
Committed_AS:    7738912 kB
VmallocTotal:   34359738367 kB
VmallocUsed:      551804 kB
VmallocChunk:   34358423548 kB
HardwareCorrupted:     0 kB
AnonHugePages:   1810432 kB
CmaTotal:              0 kB
CmaFree:               0 kB
HugePages_Total:       0
HugePages_Free:        0
HugePages_Rsvd:        0
HugePages_Surp:        0
Hugepagesize:       2048 kB
DirectMap4k:      147008 kB
DirectMap2M:     3960832 kB
DirectMap1G:     1048576 kB


CPU:total 4 (2 cores per cpu, 2 threads per core) family 6 model 61 stepping 4, cmov, cx8, fxsr, mmx, sse, sse2, sse3, ssse3, sse4.1, sse4.2, popcnt, avx, avx2, aes, clmul, erms, 3dnowpref, lzcnt, ht, tsc, tscinvbit, bmi1, bmi2, adx

/proc/cpuinfo:
processor	: 0
vendor_id	: GenuineIntel
cpu family	: 6
model		: 61
model name	: Intel(R) Core(TM) i5-5200U CPU @ 2.20GHz
stepping	: 4
microcode	: 0x19
cpu MHz		: 2499.921
cache size	: 3072 KB
physical id	: 0
siblings	: 4
core id		: 0
cpu cores	: 2
apicid		: 0
initial apicid	: 0
fpu		: yes
fpu_exception	: yes
cpuid level	: 20
wp		: yes
flags		: fpu vme de pse tsc msr pae mce cx8 apic sep mtrr pge mca cmov pat pse36 clflush dts acpi mmx fxsr sse sse2 ss ht tm pbe syscall nx pdpe1gb rdtscp lm constant_tsc arch_perfmon pebs bts rep_good nopl xtopology nonstop_tsc aperfmperf eagerfpu pni pclmulqdq dtes64 monitor ds_cpl vmx est tm2 ssse3 fma cx16 xtpr pdcm pcid sse4_1 sse4_2 x2apic movbe popcnt tsc_deadline_timer aes xsave avx f16c rdrand lahf_lm abm 3dnowprefetch ida arat epb pln pts dtherm intel_pt tpr_shadow vnmi flexpriority ept vpid fsgsbase tsc_adjust bmi1 avx2 smep bmi2 erms invpcid rdseed adx smap xsaveopt
bugs		:
bogomips	: 4389.86
clflush size	: 64
cache_alignment	: 64
address sizes	: 39 bits physical, 48 bits virtual
power management:

processor	: 1
vendor_id	: GenuineIntel
cpu family	: 6
model		: 61
model name	: Intel(R) Core(TM) i5-5200U CPU @ 2.20GHz
stepping	: 4
microcode	: 0x19
cpu MHz		: 2499.921
cache size	: 3072 KB
physical id	: 0
siblings	: 4
core id		: 1
cpu cores	: 2
apicid		: 2
initial apicid	: 2
fpu		: yes
fpu_exception	: yes
cpuid level	: 20
wp		: yes
flags		: fpu vme de pse tsc msr pae mce cx8 apic sep mtrr pge mca cmov pat pse36 clflush dts acpi mmx fxsr sse sse2 ss ht tm pbe syscall nx pdpe1gb rdtscp lm constant_tsc arch_perfmon pebs bts rep_good nopl xtopology nonstop_tsc aperfmperf eagerfpu pni pclmulqdq dtes64 monitor ds_cpl vmx est tm2 ssse3 fma cx16 xtpr pdcm pcid sse4_1 sse4_2 x2apic movbe popcnt tsc_deadline_timer aes xsave avx f16c rdrand lahf_lm abm 3dnowprefetch ida arat epb pln pts dtherm intel_pt tpr_shadow vnmi flexpriority ept vpid fsgsbase tsc_adjust bmi1 avx2 smep bmi2 erms invpcid rdseed adx smap xsaveopt
bugs		:
bogomips	: 4389.86
clflush size	: 64
cache_alignment	: 64
address sizes	: 39 bits physical, 48 bits virtual
power management:

processor	: 2
vendor_id	: GenuineIntel
cpu family	: 6
model		: 61
model name	: Intel(R) Core(TM) i5-5200U CPU @ 2.20GHz
stepping	: 4
microcode	: 0x19
cpu MHz		: 2499.921
cache size	: 3072 KB
physical id	: 0
siblings	: 4
core id		: 0
cpu cores	: 2
apicid		: 1
initial apicid	: 1
fpu		: yes
fpu_exception	: yes
cpuid level	: 20
wp		: yes
flags		: fpu vme de pse tsc msr pae mce cx8 apic sep mtrr pge mca cmov pat pse36 clflush dts acpi mmx fxsr sse sse2 ss ht tm pbe syscall nx pdpe1gb rdtscp lm constant_tsc arch_perfmon pebs bts rep_good nopl xtopology nonstop_tsc aperfmperf eagerfpu pni pclmulqdq dtes64 monitor ds_cpl vmx est tm2 ssse3 fma cx16 xtpr pdcm pcid sse4_1 sse4_2 x2apic movbe popcnt tsc_deadline_timer aes xsave avx f16c rdrand lahf_lm abm 3dnowprefetch ida arat epb pln pts dtherm intel_pt tpr_shadow vnmi flexpriority ept vpid fsgsbase tsc_adjust bmi1 avx2 smep bmi2 erms invpcid rdseed adx smap xsaveopt
bugs		:
bogomips	: 4389.86
clflush size	: 64
cache_alignment	: 64
address sizes	: 39 bits physical, 48 bits virtual
power management:

processor	: 3
vendor_id	: GenuineIntel
cpu family	: 6
model		: 61
model name	: Intel(R) Core(TM) i5-5200U CPU @ 2.20GHz
stepping	: 4
microcode	: 0x19
cpu MHz		: 2499.921
cache size	: 3072 KB
physical id	: 0
siblings	: 4
core id		: 1
cpu cores	: 2
apicid		: 3
initial apicid	: 3
fpu		: yes
fpu_exception	: yes
cpuid level	: 20
wp		: yes
flags		: fpu vme de pse tsc msr pae mce cx8 apic sep mtrr pge mca cmov pat pse36 clflush dts acpi mmx fxsr sse sse2 ss ht tm pbe syscall nx pdpe1gb rdtscp lm constant_tsc arch_perfmon pebs bts rep_good nopl xtopology nonstop_tsc aperfmperf eagerfpu pni pclmulqdq dtes64 monitor ds_cpl vmx est tm2 ssse3 fma cx16 xtpr pdcm pcid sse4_1 sse4_2 x2apic movbe popcnt tsc_deadline_timer aes xsave avx f16c rdrand lahf_lm abm 3dnowprefetch ida arat epb pln pts dtherm intel_pt tpr_shadow vnmi flexpriority ept vpid fsgsbase tsc_adjust bmi1 avx2 smep bmi2 erms invpcid rdseed adx smap xsaveopt
bugs		:
bogomips	: 4389.86
clflush size	: 64
cache_alignment	: 64
address sizes	: 39 bits physical, 48 bits virtual
power management:



Memory: 4k page, physical 3959772k(130296k free), swap 0k(0k free)

vm_info: Java HotSpot(TM) 64-Bit Server VM (25.91-b14) for linux-amd64 JRE (1.8.0_91-b14), built on Apr  1 2016 00:57:21 by "java_re" with gcc 4.3.0 20080428 (Red Hat 4.3.0-8)

time: Wed Jun 29 15:44:12 2016
elapsed time: 10 seconds (0d 0h 0m 10s)

